2.4085 	ERROR 	Support for the `sounddevice` audio backend is not available this session. Please install `psychopy-sounddevice` and restart the session to enable support.
10.2366 	DEBUG 	Fullscreen settings ignored as running in pilot mode.
10.2377 	INFO 	Loaded monitor calibration from ['2019_11_06 17:06']
10.5542 	EXP 	Created window1 = Window(allowGUI=False, allowStencil=True, autoLog=True, backendConf=UNKNOWN, backgroundFit=<method-wrapper '__getattribute__' of attributeSetter object at 0x7fdcab38e880>, backgroundImage=<method-wrapper '__getattribute__' of attributeSetter object at 0x7fdcab38e790>, bitsMode=UNKNOWN, blendMode='avg', bpc=(8, 8, 8), color=array([0, 0, 0]), colorSpace='rgb', depthBits=8, fullscr=False, gamma=None, gammaErrorPolicy='raise', infoMsg=UNKNOWN, lms=UNKNOWN, monitor=<psychopy.monitors.calibTools.Monitor object at 0x7fdcaaff12e0>, multiSample=False, name='window1', numSamples=2, pos=[320.0, 150.0], screen=0, size=array([1600, 1200]), stencilBits=8, stereo=False, title='PsychoPy', units='norm', useFBO=True, useRetina=True, viewOri=0.0, viewPos=None, viewScale=None, waitBlanking=True, winType='pyglet')
10.5543 	EXP 	window1: backgroundImage = ''
10.5543 	EXP 	window1: backgroundFit = 'none'
10.5693 	DEBUG 	TextBox2 loaded 1 chars with 0 blanks and 1 valid
10.5706 	DEBUG 	TextBox2 loaded 1 chars with 0 blanks and 1 valid
10.5719 	DEBUG 	TextBox2 loaded 1 chars with 0 blanks and 1 valid
10.5735 	DEBUG 	TextBox2 loaded 1 chars with 0 blanks and 1 valid
10.5750 	DEBUG 	TextBox2 loaded 1 chars with 0 blanks and 1 valid
10.5758 	DEBUG 	TextBox2 loaded 1 chars with 0 blanks and 1 valid
10.5770 	DEBUG 	TextBox2 loaded 1 chars with 0 blanks and 1 valid
10.5788 	DEBUG 	TextBox2 loaded 1 chars with 0 blanks and 1 valid
10.5793 	DEBUG 	TextBox2 loaded 1 chars with 0 blanks and 1 valid
10.5798 	DEBUG 	TextBox2 loaded 1 chars with 0 blanks and 1 valid
10.5811 	DEBUG 	TextBox2 loaded 1 chars with 0 blanks and 1 valid
10.5823 	DEBUG 	TextBox2 loaded 1 chars with 0 blanks and 1 valid
10.5834 	DEBUG 	TextBox2 loaded 1 chars with 0 blanks and 1 valid
10.5848 	DEBUG 	TextBox2 loaded 1 chars with 0 blanks and 1 valid
10.5860 	DEBUG 	TextBox2 loaded 1 chars with 0 blanks and 1 valid
10.5874 	DEBUG 	TextBox2 loaded 1 chars with 0 blanks and 1 valid
10.5887 	DEBUG 	TextBox2 loaded 1 chars with 0 blanks and 1 valid
10.5894 	DEBUG 	TextBox2 loaded 1 chars with 0 blanks and 1 valid
10.5901 	DEBUG 	TextBox2 loaded 1 chars with 0 blanks and 1 valid
10.5918 	DEBUG 	TextBox2 loaded 1 chars with 0 blanks and 1 valid
10.5926 	DEBUG 	TextBox2 loaded 1 chars with 0 blanks and 1 valid
10.5931 	DEBUG 	Uploading Texture Font fontname to graphics card
10.5980 	DEBUG 	Upload of Texture Font fontname complete
10.6108 	DEBUG 	TextBox2 loaded 1 chars with 0 blanks and 1 valid
10.6127 	DEBUG 	TextBox2 loaded 1 chars with 0 blanks and 1 valid
10.6143 	DEBUG 	TextBox2 loaded 1 chars with 0 blanks and 1 valid
10.6147 	DEBUG 	Uploading Texture Font fontname to graphics card
10.6153 	DEBUG 	Upload of Texture Font fontname complete
10.6190 	EXP 	window1: Attempting to measure frame rate of screen (0) ...
10.6190 	EXP 	window1: recordFrameIntervals = False
10.9042 	EXP 	window1: recordFrameIntervals = True
11.0810 	EXP 	Screen (0) actual frame rate measured at 119.96Hz
11.0810 	EXP 	window1: recordFrameIntervals = False
11.0918 	DEBUG 	TextBox2 loaded 1 chars with 0 blanks and 1 valid
11.0926 	DEBUG 	TextBox2 loaded 1 chars with 0 blanks and 1 valid
11.0940 	DEBUG 	TextBox2 loaded 1 chars with 0 blanks and 1 valid
11.0959 	DEBUG 	TextBox2 loaded 1 chars with 0 blanks and 1 valid
11.0976 	DEBUG 	TextBox2 loaded 1 chars with 0 blanks and 1 valid
11.0994 	DEBUG 	TextBox2 loaded 1 chars with 0 blanks and 1 valid
11.1002 	DEBUG 	TextBox2 loaded 1 chars with 0 blanks and 1 valid
11.1018 	DEBUG 	TextBox2 loaded 1 chars with 0 blanks and 1 valid
11.1035 	DEBUG 	TextBox2 loaded 1 chars with 0 blanks and 1 valid
11.1051 	DEBUG 	TextBox2 loaded 1 chars with 0 blanks and 1 valid
11.1056 	DEBUG 	Uploading Texture Font fontname to graphics card
11.1094 	DEBUG 	Upload of Texture Font fontname complete
11.1219 	INFO 	keyboard.Keyboard is using event backend.
11.1220 	INFO 	keyboard.Keyboard is using event backend.
11.1220 	INFO 	keyboard.Keyboard is using event backend.
11.1221 	EXP 	bart2: status = STARTED
11.1775 	EXP 	Created _fundo_branco_ = ImageStim(__class__=<class 'psychopy.visual.image.ImageStim'>, anchor=('center', 'center'), autoLog=True, color=array([1., 1., 1.]), colorSpace='rgb', contrast=1.0, depth=-1.0, draggable=False, flipHoriz=False, flipVert=False, image='branco.jpeg', interpolate=True, mask=None, maskParams=None, name='_fundo_branco_', opacity=1, ori=0.0, pos=array([0., 0.]), size=array([2., 2.]), texRes=128.0, units='norm', win=Window(...))
11.2588 	EXP 	Created welcome_ = TextStim(__class__=<class 'psychopy.visual.text.TextStim'>, alignHoriz=method-wrapper(...), alignText='center', alignVert=method-wrapper(...), anchorHoriz='center', anchorVert='center', antialias=True, autoDraw=False, autoLog=True, bold=False, color=array([-1., -1., -1.]), colorSpace='rgb', contrast=1.0, depth=-2.0, draggable=False, flipHoriz=False, flipVert=False, font='Comic Sans', fontFiles=[], height=0.1, italic=False, languageStyle='LTR', name='welcome_', opacity=1, ori=0.0, pos=array([0., 0.]), rgb=UNKNOWN, text=str(...), units='norm', win=Window(...), wrapWidth=1)
11.2763 	EXP 	Created smile = ImageStim(__class__=<class 'psychopy.visual.image.ImageStim'>, anchor=('center', 'center'), autoLog=True, color=array([1., 1., 1.]), colorSpace='rgb', contrast=1.0, depth=-4.0, draggable=False, flipHoriz=False, flipVert=False, image='smile_inicial.jpeg', interpolate=True, mask=None, maskParams=None, name='smile', opacity=1, ori=0.0, pos=array([0., 0.]), size=array([0.4, 0.4]), texRes=128.0, units='norm', win=Window(...))
11.2947 	EXP 	Created text_3 = TextStim(__class__=<class 'psychopy.visual.text.TextStim'>, alignHoriz=method-wrapper(...), alignText='center', alignVert=method-wrapper(...), anchorHoriz='center', anchorVert='center', antialias=True, autoDraw=False, autoLog=True, bold=False, color=array([-1., -1., -1.]), colorSpace='rgb', contrast=1.0, depth=-5.0, draggable=False, flipHoriz=False, flipVert=False, font='Open Sans', fontFiles=[], height=0.029000000000000005, italic=False, languageStyle='LTR', name='text_3', opacity=1, ori=0.0, pos=array([ 0.  , -0.55]), rgb=UNKNOWN, text="\n\nPara avançar pressione a tecla 'ENTER'", units='norm', win=Window(...), wrapWidth=1)
11.3300 	EXP 	Created fundo_branco = ImageStim(__class__=<class 'psychopy.visual.image.ImageStim'>, anchor=('center', 'center'), autoLog=True, color=array([1., 1., 1.]), colorSpace='rgb', contrast=1.0, depth=-1.0, draggable=False, flipHoriz=False, flipVert=False, image='branco.jpeg', interpolate=True, mask=None, maskParams=None, name='fundo_branco', opacity=1, ori=0.0, pos=array([0., 0.]), size=array([2., 2.]), texRes=128.0, units='norm', win=Window(...))
11.3391 	EXP 	Created fundobranco = ImageStim(__class__=<class 'psychopy.visual.image.ImageStim'>, anchor=('center', 'center'), autoLog=True, color=array([1., 1., 1.]), colorSpace='rgb', contrast=1.0, depth=-1.0, draggable=False, flipHoriz=False, flipVert=False, image='default.png', interpolate=True, mask=None, maskParams=None, name='fundobranco', opacity=1, ori=0.0, pos=array([0., 0.]), size=array([2., 2.]), texRes=128.0, units='norm', win=Window(...))
11.3644 	EXP 	Created balão = ImageStim(__class__=<class 'psychopy.visual.image.ImageStim'>, anchor=('center', 'center'), autoLog=True, color=array([1., 1., 1.]), colorSpace='rgb', contrast=1.0, depth=-2.0, draggable=False, flipHoriz=False, flipVert=False, image='redBalloon.png', interpolate=True, mask=None, maskParams=None, name='balão', opacity=1, ori=0.0, pos=array([-0.6,  0.3]), size=array([0.18, 0.18]), texRes=128.0, units='height', win=Window(...))
11.3716 	EXP 	Created euro = ImageStim(__class__=<class 'psychopy.visual.image.ImageStim'>, anchor=('center', 'center'), autoLog=True, color=array([1., 1., 1.]), colorSpace='rgb', contrast=1.0, depth=-3.0, draggable=False, flipHoriz=False, flipVert=False, image='default.png', interpolate=True, mask=None, maskParams=None, name='euro', opacity=1, ori=0.0, pos=array([0.6, 0.3]), size=array([0.18, 0.18]), texRes=128.0, units='height', win=Window(...))
11.3783 	EXP 	Created balão_rebentado = ImageStim(__class__=<class 'psychopy.visual.image.ImageStim'>, anchor=('center', 'center'), autoLog=True, color=array([1., 1., 1.]), colorSpace='rgb', contrast=1.0, depth=-4.0, draggable=False, flipHoriz=False, flipVert=False, image='default.png', interpolate=True, mask=None, maskParams=None, name='balão_rebentado', opacity=1, ori=0.0, pos=array([-0.6, -0.1]), size=array([0.27, 0.27]), texRes=128.0, units='height', win=Window(...))
11.3849 	EXP 	Created perder_dinheiro = ImageStim(__class__=<class 'psychopy.visual.image.ImageStim'>, anchor=('center', 'center'), autoLog=True, color=array([1., 1., 1.]), colorSpace='rgb', contrast=1.0, depth=-5.0, draggable=False, flipHoriz=False, flipVert=False, image='default.png', interpolate=True, mask=None, maskParams=None, name='perder_dinheiro', opacity=1, ori=0.0, pos=array([ 0.6, -0.1]), size=array([0.3 , 0.25]), texRes=128.0, units='height', win=Window(...))
11.4382 	EXP 	Created instruções1 = TextStim(__class__=<class 'psychopy.visual.text.TextStim'>, alignHoriz=method-wrapper(...), alignText='center', alignVert=method-wrapper(...), anchorHoriz='center', anchorVert='center', antialias=True, autoDraw=False, autoLog=True, bold=False, color=array([-1., -1., -1.]), colorSpace='rgb', contrast=1.0, depth=-6.0, draggable=False, flipHoriz=False, flipVert=False, font='Comic Sans', fontFiles=[], height=0.09, italic=False, languageStyle='LTR', name='instruções1', opacity=1, ori=0.0, pos=array([0., 0.]), rgb=UNKNOWN, text=str(...), units='norm', win=Window(...), wrapWidth=1)
11.4491 	EXP 	Created seta_avançar = ImageStim(__class__=<class 'psychopy.visual.image.ImageStim'>, anchor=('center', 'center'), autoLog=True, color=array([1., 1., 1.]), colorSpace='rgb', contrast=1.0, depth=-7.0, draggable=False, flipHoriz=False, flipVert=False, image='Seta1.png', interpolate=True, mask=None, maskParams=None, name='seta_avançar', opacity=1, ori=0.0, pos=array([ 0.5, -0.8]), size=array([0.25, 0.15]), texRes=128.0, units='norm', win=Window(...))
11.4579 	EXP 	Created text_avançar_2 = TextStim(__class__=<class 'psychopy.visual.text.TextStim'>, alignHoriz=method-wrapper(...), alignText='center', alignVert=method-wrapper(...), anchorHoriz='center', anchorVert='center', antialias=True, autoDraw=False, autoLog=True, bold=False, color=array([1., 1., 1.]), colorSpace='rgb', contrast=1.0, depth=-8.0, draggable=False, flipHoriz=False, flipVert=False, font='Open Sans', fontFiles=[], height=0.04, italic=False, languageStyle='LTR', name='text_avançar_2', opacity=1, ori=0.0, pos=array([ 0.5, -0.8]), rgb=UNKNOWN, text='Avançar', units='norm', win=Window(...), wrapWidth=1)
11.4928 	EXP 	Created fundobranco1 = ImageStim(__class__=<class 'psychopy.visual.image.ImageStim'>, anchor=('center', 'center'), autoLog=True, color=array([1., 1., 1.]), colorSpace='rgb', contrast=1.0, depth=-1.0, draggable=False, flipHoriz=False, flipVert=False, image='branco.jpeg', interpolate=True, mask=None, maskParams=None, name='fundobranco1', opacity=1, ori=0.0, pos=array([0., 0.]), size=array([2., 2.]), texRes=128.0, units='norm', win=Window(...))
11.5121 	EXP 	Created enter_tecla = ImageStim(__class__=<class 'psychopy.visual.image.ImageStim'>, anchor=('center', 'center'), autoLog=True, color=array([1., 1., 1.]), colorSpace='rgb', contrast=1.0, depth=-2.0, draggable=False, flipHoriz=False, flipVert=False, image='enter_tecla.jpeg', interpolate=True, mask=None, maskParams=None, name='enter_tecla', opacity=1, ori=0.0, pos=array([-0.63, -0.15]), size=array([0.33, 0.09]), texRes=128.0, units='height', win=Window(...))
11.5763 	EXP 	Created instruções2 = TextStim(__class__=<class 'psychopy.visual.text.TextStim'>, alignHoriz=method-wrapper(...), alignText='center', alignVert=method-wrapper(...), anchorHoriz='center', anchorVert='center', antialias=True, autoDraw=False, autoLog=True, bold=False, color=array([-1., -1., -1.]), colorSpace='rgb', contrast=1.0, depth=-3.0, draggable=False, flipHoriz=False, flipVert=False, font='Comic Sans', fontFiles=[], height=0.08, italic=False, languageStyle='LTR', name='instruções2', opacity=1, ori=0.0, pos=array([0., 0.]), rgb=UNKNOWN, text=str(...), units='norm', win=Window(...), wrapWidth=1)
11.5855 	EXP 	Created encher_balão = ImageStim(__class__=<class 'psychopy.visual.image.ImageStim'>, anchor=('center', 'center'), autoLog=True, color=array([1., 1., 1.]), colorSpace='rgb', contrast=1.0, depth=-4.0, draggable=False, flipHoriz=False, flipVert=False, image='default.png', interpolate=True, mask=None, maskParams=None, name='encher_balão', opacity=1, ori=0.0, pos=array([0.43, 0.02]), size=array([0.15, 0.15]), texRes=128.0, units='height', win=Window(...))
11.6361 	EXP 	Created guardar_dinheiro = ImageStim(__class__=<class 'psychopy.visual.image.ImageStim'>, anchor=('center', 'center'), autoLog=True, color=array([1., 1., 1.]), colorSpace='rgb', contrast=1.0, depth=-5.0, draggable=False, flipHoriz=False, flipVert=False, image='guardar_dinheiro.jpeg', interpolate=True, mask=None, maskParams=None, name='guardar_dinheiro', opacity=1, ori=0.0, pos=array([ 0.55, -0.15]), size=array([0.17, 0.16]), texRes=128.0, units='height', win=Window(...))
11.6480 	EXP 	Created seta_avançar_2 = ImageStim(__class__=<class 'psychopy.visual.image.ImageStim'>, anchor=('center', 'center'), autoLog=True, color=array([1., 1., 1.]), colorSpace='rgb', contrast=1.0, depth=-6.0, draggable=False, flipHoriz=False, flipVert=False, image='Seta1.png', interpolate=True, mask=None, maskParams=None, name='seta_avançar_2', opacity=1, ori=0.0, pos=array([ 0.5, -0.8]), size=array([0.25, 0.15]), texRes=128.0, units='norm', win=Window(...))
11.6523 	EXP 	Created text_avançar = TextStim(__class__=<class 'psychopy.visual.text.TextStim'>, alignHoriz=method-wrapper(...), alignText='center', alignVert=method-wrapper(...), anchorHoriz='center', anchorVert='center', antialias=True, autoDraw=False, autoLog=True, bold=False, color=array([1., 1., 1.]), colorSpace='rgb', contrast=1.0, depth=-7.0, draggable=False, flipHoriz=False, flipVert=False, font='Open Sans', fontFiles=[], height=0.04, italic=False, languageStyle='LTR', name='text_avançar', opacity=1, ori=0.0, pos=array([ 0.5, -0.8]), rgb=UNKNOWN, text='Avançar', units='norm', win=Window(...), wrapWidth=1)
11.6598 	EXP 	Created fundobranco2 = ImageStim(__class__=<class 'psychopy.visual.image.ImageStim'>, anchor=('center', 'center'), autoLog=True, color=array([1., 1., 1.]), colorSpace='rgb', contrast=1.0, depth=-1.0, draggable=False, flipHoriz=False, flipVert=False, image='default.png', interpolate=True, mask=None, maskParams=None, name='fundobranco2', opacity=1, ori=0.0, pos=array([0., 0.]), size=array([2., 2.]), texRes=128.0, units='norm', win=Window(...))
11.6664 	EXP 	Created balloonBody = ImageStim(__class__=<class 'psychopy.visual.image.ImageStim'>, anchor=('center', 'center'), autoLog=True, color=array([1., 1., 1.]), colorSpace='rgb', contrast=1.0, depth=-4.0, draggable=False, flipHoriz=False, flipVert=False, image='default.png', interpolate=True, mask=None, maskParams=None, name='balloonBody', opacity=1.0, ori=270.0, pos=array([0., 0.]), size=array([1., 1.]), texRes=128.0, units='height', win=Window(...))
11.6731 	EXP 	Created molduraRM1 = ImageStim(__class__=<class 'psychopy.visual.image.ImageStim'>, anchor=('center', 'center'), autoLog=True, color=array([1., 1., 1.]), colorSpace='rgb', contrast=1.0, depth=-5.0, draggable=False, flipHoriz=False, flipVert=False, image='default.png', interpolate=True, mask=None, maskParams=None, name='molduraRM1', opacity=1, ori=0.0, pos=array([-0.4, -0.4]), size=array([0.42666667, 0.42666667]), texRes=128.0, units='height', win=Window(...))
11.6797 	EXP 	Created molduraRM2 = ImageStim(__class__=<class 'psychopy.visual.image.ImageStim'>, anchor=('center', 'center'), autoLog=True, color=array([1., 1., 1.]), colorSpace='rgb', contrast=1.0, depth=-6.0, draggable=False, flipHoriz=False, flipVert=False, image='default.png', interpolate=True, mask=None, maskParams=None, name='molduraRM2', opacity=1, ori=0.0, pos=array([ 0.4, -0.4]), size=array([0.42666667, 0.42666667]), texRes=128.0, units='height', win=Window(...))
11.6865 	EXP 	Created molduraBVM = ImageStim(__class__=<class 'psychopy.visual.image.ImageStim'>, anchor=('center', 'center'), autoLog=True, color=array([1., 1., 1.]), colorSpace='rgb', contrast=1.0, depth=-7.0, draggable=False, flipHoriz=False, flipVert=False, image='default.png', interpolate=True, mask=None, maskParams=None, name='molduraBVM', opacity=1, ori=0.0, pos=array([0. , 0.4]), size=array([0.42666667, 0.42666667]), texRes=128.0, units='height', win=Window(...))
11.6935 	EXP 	Created molduraBM = ImageStim(__class__=<class 'psychopy.visual.image.ImageStim'>, anchor=('center', 'center'), autoLog=True, color=array([1., 1., 1.]), colorSpace='rgb', contrast=1.0, depth=-8.0, draggable=False, flipHoriz=False, flipVert=False, image='default.png', interpolate=True, mask=None, maskParams=None, name='molduraBM', opacity=1, ori=0.0, pos=array([0.65, 0.4 ]), size=array([0.1, 0.1]), texRes=128.0, units='height', win=Window(...))
11.7092 	EXP 	Created reminderMsg1 = TextStim(__class__=<class 'psychopy.visual.text.TextStim'>, alignHoriz=method-wrapper(...), alignText='center', alignVert=method-wrapper(...), anchorHoriz='center', anchorVert='center', antialias=True, autoDraw=False, autoLog=True, bold=False, color=array([-1., -1., -1.]), colorSpace='rgb', contrast=1.0, depth=-9.0, draggable=False, flipHoriz=False, flipVert=False, font='Comic Sans', fontFiles=[], height=0.02, italic=False, languageStyle='LTR', name='reminderMsg1', opacity=1, ori=0.0, pos=array([-0.4, -0.4]), rgb=UNKNOWN, text='ESPAÇO para encher o balão', units='height', win=Window(...), wrapWidth=1)
11.7172 	EXP 	Created reminderMsg2 = TextStim(__class__=<class 'psychopy.visual.text.TextStim'>, alignHoriz=method-wrapper(...), alignText='center', alignVert=method-wrapper(...), anchorHoriz='center', anchorVert='center', antialias=True, autoDraw=False, autoLog=True, bold=False, color=array([-1., -1., -1.]), colorSpace='rgb', contrast=1.0, depth=-10.0, draggable=False, flipHoriz=False, flipVert=False, font='Comic Sans', fontFiles=[], height=0.02, italic=False, languageStyle='LTR', name='reminderMsg2', opacity=1, ori=0.0, pos=array([ 0.4, -0.4]), rgb=UNKNOWN, text='ENTER para guardar o valor deste balão', units='height', win=Window(...), wrapWidth=1)
11.7186 	EXP 	Created balloonValMsg = TextStim(__class__=<class 'psychopy.visual.text.TextStim'>, alignHoriz=method-wrapper(...), alignText='center', alignVert=method-wrapper(...), anchorHoriz='center', anchorVert='center', antialias=True, autoDraw=False, autoLog=True, bold=False, color=array([-1., -1., -1.]), colorSpace='rgb', contrast=1.0, depth=-11.0, draggable=False, flipHoriz=False, flipVert=False, font='Comic Sans', fontFiles=[], height=0.04, italic=False, languageStyle='LTR', name='balloonValMsg', opacity=1, ori=0.0, pos=array([0. , 0.4]), rgb=UNKNOWN, text='', units='height', win=Window(...), wrapWidth=1)
11.7200 	EXP 	Created bankedMsg = TextStim(__class__=<class 'psychopy.visual.text.TextStim'>, alignHoriz=method-wrapper(...), alignText='center', alignVert=method-wrapper(...), anchorHoriz='center', anchorVert='center', antialias=True, autoDraw=False, autoLog=True, bold=False, color=array([-1., -1., -1.]), colorSpace='rgb', contrast=1.0, depth=-12.0, draggable=False, flipHoriz=False, flipVert=False, font='Comic Sans', fontFiles=[], height=0.04, italic=False, languageStyle='LTR', name='bankedMsg', opacity=1, ori=0.0, pos=array([0.5, 0.4]), rgb=UNKNOWN, text='', units='height', win=Window(...), wrapWidth=1)
11.7269 	EXP 	Created fundobranco3 = ImageStim(__class__=<class 'psychopy.visual.image.ImageStim'>, anchor=('center', 'center'), autoLog=True, color=array([1., 1., 1.]), colorSpace='rgb', contrast=1.0, depth=-1.0, draggable=False, flipHoriz=False, flipVert=False, image='default.png', interpolate=True, mask=None, maskParams=None, name='fundobranco3', opacity=1, ori=0.0, pos=array([0., 0.]), size=array([2., 2.]), texRes=128.0, units='norm', win=Window(...))
12.0378 	EXP 	Created feedbackMsg22 = TextStim(__class__=<class 'psychopy.visual.text.TextStim'>, alignHoriz=method-wrapper(...), alignText='center', alignVert=method-wrapper(...), anchorHoriz='center', anchorVert='center', antialias=True, autoDraw=False, autoLog=True, bold=False, color=array([-1., -1., -1.]), colorSpace='rgb', contrast=1.0, depth=-3.0, draggable=False, flipHoriz=False, flipVert=False, font='Comic Sans', fontFiles=[], height=0.09, italic=False, languageStyle='LTR', name='feedbackMsg22', opacity=1, ori=0.0, pos=array([0., 0.]), rgb=UNKNOWN, text='', units='norm', win=Window(...), wrapWidth=1)
12.0742 	EXP 	Created fundobranco4 = ImageStim(__class__=<class 'psychopy.visual.image.ImageStim'>, anchor=('center', 'center'), autoLog=True, color=array([1., 1., 1.]), colorSpace='rgb', contrast=1.0, depth=-1.0, draggable=False, flipHoriz=False, flipVert=False, image='branco.jpeg', interpolate=True, mask=None, maskParams=None, name='fundobranco4', opacity=1, ori=0.0, pos=array([0., 0.]), size=array([2., 2.]), texRes=128.0, units='norm', win=Window(...))
12.0757 	EXP 	Created finalScore = TextStim(__class__=<class 'psychopy.visual.text.TextStim'>, alignHoriz=method-wrapper(...), alignText='center', alignVert=method-wrapper(...), anchorHoriz='center', anchorVert='center', antialias=True, autoDraw=False, autoLog=True, bold=False, color=array([-1., -1., -1.]), colorSpace='rgb', contrast=1.0, depth=-2.0, draggable=False, flipHoriz=False, flipVert=False, font='Comic Sans', fontFiles=[], height=0.1, italic=False, languageStyle='LTR', name='finalScore', opacity=1, ori=0.0, pos=array([0., 0.]), rgb=UNKNOWN, text='', units='norm', win=Window(...), wrapWidth=1)
12.1119 	EXP 	Created _fundo_branco_final = ImageStim(__class__=<class 'psychopy.visual.image.ImageStim'>, anchor=('center', 'center'), autoLog=True, color=array([1., 1., 1.]), colorSpace='rgb', contrast=1.0, depth=-1.0, draggable=False, flipHoriz=False, flipVert=False, image='branco.jpeg', interpolate=True, mask=None, maskParams=None, name='_fundo_branco_final', opacity=1, ori=0.0, pos=array([0., 0.]), size=array([2., 2.]), texRes=128.0, units='norm', win=Window(...))
12.1504 	EXP 	Created farwell_ = TextStim(__class__=<class 'psychopy.visual.text.TextStim'>, alignHoriz=method-wrapper(...), alignText='center', alignVert=method-wrapper(...), anchorHoriz='center', anchorVert='center', antialias=True, autoDraw=False, autoLog=True, bold=False, color=array([-1., -1., -1.]), colorSpace='rgb', contrast=1.0, depth=-2.0, draggable=False, flipHoriz=False, flipVert=False, font='Comic Sans', fontFiles=[], height=0.1, italic=False, languageStyle='LTR', name='farwell_', opacity=1, ori=0.0, pos=array([0., 0.]), rgb=UNKNOWN, text=str(...), units='norm', win=Window(...), wrapWidth=1)
12.1638 	EXP 	Created smile_final = ImageStim(__class__=<class 'psychopy.visual.image.ImageStim'>, anchor=('center', 'center'), autoLog=True, color=array([1., 1., 1.]), colorSpace='rgb', contrast=1.0, depth=-3.0, draggable=False, flipHoriz=False, flipVert=False, image='smile_final.jpeg', interpolate=True, mask=None, maskParams=None, name='smile_final', opacity=1, ori=0.0, pos=array([ 0. , -0.1]), size=array([0.4, 0.4]), texRes=128.0, units='norm', win=Window(...))
0.1558 	DEBUG 	Saving data for bart2 ExperimentHandler
0.1564 	INFO 	saved data to /Users/marlenenogueira/Documents/Academia/Projects/Lúcia/5_Tarefas_Bart e Trust Game/BART/data/1111_bart2_2024-12-03_17h22.39.005.psydat
0.1569 	INFO 	saved data to '/Users/marlenenogueira/Documents/Academia/Projects/Lúcia/5_Tarefas_Bart e Trust Game/BART/data/1111_bart2_2024-12-03_17h22.39.005.csv'
