2.4168 	ERROR 	Support for the `sounddevice` audio backend is not available this session. Please install `psychopy-sounddevice` and restart the session to enable support.
13.7244 	DEBUG 	Fullscreen settings ignored as running in pilot mode.
13.7255 	INFO 	Loaded monitor calibration from ['2019_11_06 17:06']
14.0952 	EXP 	Created window1 = Window(allowGUI=False, allowStencil=True, autoLog=True, backendConf=UNKNOWN, backgroundFit=<method-wrapper '__getattribute__' of attributeSetter object at 0x7fad972cd430>, backgroundImage=<method-wrapper '__getattribute__' of attributeSetter object at 0x7fad972cd3d0>, bitsMode=UNKNOWN, blendMode='avg', bpc=(8, 8, 8), color=array([0, 0, 0]), colorSpace='rgb', depthBits=8, fullscr=False, gamma=None, gammaErrorPolicy='raise', infoMsg=UNKNOWN, lms=UNKNOWN, monitor=<psychopy.monitors.calibTools.Monitor object at 0x7fad96ea2e50>, multiSample=False, name='window1', numSamples=2, pos=[320.0, 150.0], screen=0, size=array([1600, 1200]), stencilBits=8, stereo=False, title='PsychoPy', units='norm', useFBO=True, useRetina=True, viewOri=0.0, viewPos=None, viewScale=None, waitBlanking=True, winType='pyglet')
14.0954 	EXP 	window1: backgroundImage = ''
14.0954 	EXP 	window1: backgroundFit = 'none'
14.1282 	DEBUG 	TextBox2 loaded 1 chars with 0 blanks and 1 valid
14.1295 	DEBUG 	TextBox2 loaded 1 chars with 0 blanks and 1 valid
14.1307 	DEBUG 	TextBox2 loaded 1 chars with 0 blanks and 1 valid
14.1323 	DEBUG 	TextBox2 loaded 1 chars with 0 blanks and 1 valid
14.1339 	DEBUG 	TextBox2 loaded 1 chars with 0 blanks and 1 valid
14.1346 	DEBUG 	TextBox2 loaded 1 chars with 0 blanks and 1 valid
14.1358 	DEBUG 	TextBox2 loaded 1 chars with 0 blanks and 1 valid
14.1375 	DEBUG 	TextBox2 loaded 1 chars with 0 blanks and 1 valid
14.1387 	DEBUG 	TextBox2 loaded 1 chars with 0 blanks and 1 valid
14.1394 	DEBUG 	TextBox2 loaded 1 chars with 0 blanks and 1 valid
14.1408 	DEBUG 	TextBox2 loaded 1 chars with 0 blanks and 1 valid
14.1420 	DEBUG 	TextBox2 loaded 1 chars with 0 blanks and 1 valid
14.1432 	DEBUG 	TextBox2 loaded 1 chars with 0 blanks and 1 valid
14.1444 	DEBUG 	TextBox2 loaded 1 chars with 0 blanks and 1 valid
14.1455 	DEBUG 	TextBox2 loaded 1 chars with 0 blanks and 1 valid
14.1468 	DEBUG 	TextBox2 loaded 1 chars with 0 blanks and 1 valid
14.1481 	DEBUG 	TextBox2 loaded 1 chars with 0 blanks and 1 valid
14.1488 	DEBUG 	TextBox2 loaded 1 chars with 0 blanks and 1 valid
14.1495 	DEBUG 	TextBox2 loaded 1 chars with 0 blanks and 1 valid
14.1512 	DEBUG 	TextBox2 loaded 1 chars with 0 blanks and 1 valid
14.1519 	DEBUG 	TextBox2 loaded 1 chars with 0 blanks and 1 valid
14.1529 	DEBUG 	Uploading Texture Font fontname to graphics card
14.1580 	DEBUG 	Upload of Texture Font fontname complete
14.1703 	DEBUG 	TextBox2 loaded 1 chars with 0 blanks and 1 valid
14.1721 	DEBUG 	TextBox2 loaded 1 chars with 0 blanks and 1 valid
14.1737 	DEBUG 	TextBox2 loaded 1 chars with 0 blanks and 1 valid
14.1742 	DEBUG 	Uploading Texture Font fontname to graphics card
14.1749 	DEBUG 	Upload of Texture Font fontname complete
14.1784 	EXP 	window1: Attempting to measure frame rate of screen (0) ...
14.1784 	EXP 	window1: recordFrameIntervals = False
14.6069 	EXP 	window1: recordFrameIntervals = True
14.8685 	WARNING 	t of last frame was 22.73ms (=1/43)
15.4688 	WARNING 	Couldn't measure a consistent frame rate!
  - Is your graphics card set to sync to vertical blank?
  - Are you running other processes on your computer?

15.4791 	DEBUG 	TextBox2 loaded 1 chars with 0 blanks and 1 valid
15.4799 	DEBUG 	TextBox2 loaded 1 chars with 0 blanks and 1 valid
15.4813 	DEBUG 	TextBox2 loaded 1 chars with 0 blanks and 1 valid
15.4831 	DEBUG 	TextBox2 loaded 1 chars with 0 blanks and 1 valid
15.4849 	DEBUG 	TextBox2 loaded 1 chars with 0 blanks and 1 valid
15.4866 	DEBUG 	TextBox2 loaded 1 chars with 0 blanks and 1 valid
15.4875 	DEBUG 	TextBox2 loaded 1 chars with 0 blanks and 1 valid
15.4890 	DEBUG 	TextBox2 loaded 1 chars with 0 blanks and 1 valid
15.4907 	DEBUG 	TextBox2 loaded 1 chars with 0 blanks and 1 valid
15.4923 	DEBUG 	TextBox2 loaded 1 chars with 0 blanks and 1 valid
15.4928 	DEBUG 	Uploading Texture Font fontname to graphics card
15.4965 	DEBUG 	Upload of Texture Font fontname complete
15.5092 	INFO 	keyboard.Keyboard is using event backend.
15.5093 	INFO 	keyboard.Keyboard is using event backend.
15.5093 	INFO 	keyboard.Keyboard is using event backend.
15.5094 	EXP 	bart2: status = STARTED
15.5797 	EXP 	Created _fundo_branco_ = ImageStim(__class__=<class 'psychopy.visual.image.ImageStim'>, anchor=('center', 'center'), autoLog=True, color=array([1., 1., 1.]), colorSpace='rgb', contrast=1.0, depth=-1.0, draggable=False, flipHoriz=False, flipVert=False, image='branco.jpeg', interpolate=True, mask=None, maskParams=None, name='_fundo_branco_', opacity=1, ori=0.0, pos=array([0., 0.]), size=array([2., 2.]), texRes=128.0, units='norm', win=Window(...))
15.6645 	EXP 	Created welcome_ = TextStim(__class__=<class 'psychopy.visual.text.TextStim'>, alignHoriz=method-wrapper(...), alignText='center', alignVert=method-wrapper(...), anchorHoriz='center', anchorVert='center', antialias=True, autoDraw=False, autoLog=True, bold=False, color=array([-1., -1., -1.]), colorSpace='rgb', contrast=1.0, depth=-2.0, draggable=False, flipHoriz=False, flipVert=False, font='Comic Sans', fontFiles=[], height=0.1, italic=False, languageStyle='LTR', name='welcome_', opacity=1, ori=0.0, pos=array([0., 0.]), rgb=UNKNOWN, text=str(...), units='norm', win=Window(...), wrapWidth=1)
15.6825 	EXP 	Created smile = ImageStim(__class__=<class 'psychopy.visual.image.ImageStim'>, anchor=('center', 'center'), autoLog=True, color=array([1., 1., 1.]), colorSpace='rgb', contrast=1.0, depth=-4.0, draggable=False, flipHoriz=False, flipVert=False, image='smile_inicial.jpeg', interpolate=True, mask=None, maskParams=None, name='smile', opacity=1, ori=0.0, pos=array([0., 0.]), size=array([0.4, 0.4]), texRes=128.0, units='norm', win=Window(...))
15.7005 	EXP 	Created text_3 = TextStim(__class__=<class 'psychopy.visual.text.TextStim'>, alignHoriz=method-wrapper(...), alignText='center', alignVert=method-wrapper(...), anchorHoriz='center', anchorVert='center', antialias=True, autoDraw=False, autoLog=True, bold=False, color=array([-1., -1., -1.]), colorSpace='rgb', contrast=1.0, depth=-5.0, draggable=False, flipHoriz=False, flipVert=False, font='Open Sans', fontFiles=[], height=0.029000000000000005, italic=False, languageStyle='LTR', name='text_3', opacity=1, ori=0.0, pos=array([ 0.  , -0.55]), rgb=UNKNOWN, text="\n\nPara avançar pressione a tecla 'ENTER'", units='norm', win=Window(...), wrapWidth=1)
15.7336 	EXP 	Created fundo_branco = ImageStim(__class__=<class 'psychopy.visual.image.ImageStim'>, anchor=('center', 'center'), autoLog=True, color=array([1., 1., 1.]), colorSpace='rgb', contrast=1.0, depth=-1.0, draggable=False, flipHoriz=False, flipVert=False, image='branco.jpeg', interpolate=True, mask=None, maskParams=None, name='fundo_branco', opacity=1, ori=0.0, pos=array([0., 0.]), size=array([2., 2.]), texRes=128.0, units='norm', win=Window(...))
15.7460 	EXP 	Created fundobranco = ImageStim(__class__=<class 'psychopy.visual.image.ImageStim'>, anchor=('center', 'center'), autoLog=True, color=array([1., 1., 1.]), colorSpace='rgb', contrast=1.0, depth=-1.0, draggable=False, flipHoriz=False, flipVert=False, image='default.png', interpolate=True, mask=None, maskParams=None, name='fundobranco', opacity=1, ori=0.0, pos=array([0., 0.]), size=array([2., 2.]), texRes=128.0, units='norm', win=Window(...))
15.7699 	EXP 	Created balão = ImageStim(__class__=<class 'psychopy.visual.image.ImageStim'>, anchor=('center', 'center'), autoLog=True, color=array([1., 1., 1.]), colorSpace='rgb', contrast=1.0, depth=-2.0, draggable=False, flipHoriz=False, flipVert=False, image='redBalloon.png', interpolate=True, mask=None, maskParams=None, name='balão', opacity=1, ori=0.0, pos=array([-0.6,  0.3]), size=array([0.18, 0.18]), texRes=128.0, units='height', win=Window(...))
15.7771 	EXP 	Created euro = ImageStim(__class__=<class 'psychopy.visual.image.ImageStim'>, anchor=('center', 'center'), autoLog=True, color=array([1., 1., 1.]), colorSpace='rgb', contrast=1.0, depth=-3.0, draggable=False, flipHoriz=False, flipVert=False, image='default.png', interpolate=True, mask=None, maskParams=None, name='euro', opacity=1, ori=0.0, pos=array([0.6, 0.3]), size=array([0.18, 0.18]), texRes=128.0, units='height', win=Window(...))
15.7837 	EXP 	Created balão_rebentado = ImageStim(__class__=<class 'psychopy.visual.image.ImageStim'>, anchor=('center', 'center'), autoLog=True, color=array([1., 1., 1.]), colorSpace='rgb', contrast=1.0, depth=-4.0, draggable=False, flipHoriz=False, flipVert=False, image='default.png', interpolate=True, mask=None, maskParams=None, name='balão_rebentado', opacity=1, ori=0.0, pos=array([-0.6, -0.1]), size=array([0.27, 0.27]), texRes=128.0, units='height', win=Window(...))
15.7902 	EXP 	Created perder_dinheiro = ImageStim(__class__=<class 'psychopy.visual.image.ImageStim'>, anchor=('center', 'center'), autoLog=True, color=array([1., 1., 1.]), colorSpace='rgb', contrast=1.0, depth=-5.0, draggable=False, flipHoriz=False, flipVert=False, image='default.png', interpolate=True, mask=None, maskParams=None, name='perder_dinheiro', opacity=1, ori=0.0, pos=array([ 0.6, -0.1]), size=array([0.3 , 0.25]), texRes=128.0, units='height', win=Window(...))
15.8446 	EXP 	Created instruções1 = TextStim(__class__=<class 'psychopy.visual.text.TextStim'>, alignHoriz=method-wrapper(...), alignText='center', alignVert=method-wrapper(...), anchorHoriz='center', anchorVert='center', antialias=True, autoDraw=False, autoLog=True, bold=False, color=array([-1., -1., -1.]), colorSpace='rgb', contrast=1.0, depth=-6.0, draggable=False, flipHoriz=False, flipVert=False, font='Comic Sans', fontFiles=[], height=0.09, italic=False, languageStyle='LTR', name='instruções1', opacity=1, ori=0.0, pos=array([0., 0.]), rgb=UNKNOWN, text=str(...), units='norm', win=Window(...), wrapWidth=1)
15.8555 	EXP 	Created seta_avançar = ImageStim(__class__=<class 'psychopy.visual.image.ImageStim'>, anchor=('center', 'center'), autoLog=True, color=array([1., 1., 1.]), colorSpace='rgb', contrast=1.0, depth=-7.0, draggable=False, flipHoriz=False, flipVert=False, image='Seta1.png', interpolate=True, mask=None, maskParams=None, name='seta_avançar', opacity=1, ori=0.0, pos=array([ 0.5, -0.8]), size=array([0.25, 0.15]), texRes=128.0, units='norm', win=Window(...))
15.8644 	EXP 	Created text_avançar_2 = TextStim(__class__=<class 'psychopy.visual.text.TextStim'>, alignHoriz=method-wrapper(...), alignText='center', alignVert=method-wrapper(...), anchorHoriz='center', anchorVert='center', antialias=True, autoDraw=False, autoLog=True, bold=False, color=array([1., 1., 1.]), colorSpace='rgb', contrast=1.0, depth=-8.0, draggable=False, flipHoriz=False, flipVert=False, font='Open Sans', fontFiles=[], height=0.04, italic=False, languageStyle='LTR', name='text_avançar_2', opacity=1, ori=0.0, pos=array([ 0.5, -0.8]), rgb=UNKNOWN, text='Avançar', units='norm', win=Window(...), wrapWidth=1)
15.8994 	EXP 	Created fundobranco1 = ImageStim(__class__=<class 'psychopy.visual.image.ImageStim'>, anchor=('center', 'center'), autoLog=True, color=array([1., 1., 1.]), colorSpace='rgb', contrast=1.0, depth=-1.0, draggable=False, flipHoriz=False, flipVert=False, image='branco.jpeg', interpolate=True, mask=None, maskParams=None, name='fundobranco1', opacity=1, ori=0.0, pos=array([0., 0.]), size=array([2., 2.]), texRes=128.0, units='norm', win=Window(...))
15.9190 	EXP 	Created enter_tecla = ImageStim(__class__=<class 'psychopy.visual.image.ImageStim'>, anchor=('center', 'center'), autoLog=True, color=array([1., 1., 1.]), colorSpace='rgb', contrast=1.0, depth=-2.0, draggable=False, flipHoriz=False, flipVert=False, image='enter_tecla.jpeg', interpolate=True, mask=None, maskParams=None, name='enter_tecla', opacity=1, ori=0.0, pos=array([-0.63, -0.15]), size=array([0.33, 0.09]), texRes=128.0, units='height', win=Window(...))
15.9828 	EXP 	Created instruções2 = TextStim(__class__=<class 'psychopy.visual.text.TextStim'>, alignHoriz=method-wrapper(...), alignText='center', alignVert=method-wrapper(...), anchorHoriz='center', anchorVert='center', antialias=True, autoDraw=False, autoLog=True, bold=False, color=array([-1., -1., -1.]), colorSpace='rgb', contrast=1.0, depth=-3.0, draggable=False, flipHoriz=False, flipVert=False, font='Comic Sans', fontFiles=[], height=0.08, italic=False, languageStyle='LTR', name='instruções2', opacity=1, ori=0.0, pos=array([0., 0.]), rgb=UNKNOWN, text=str(...), units='norm', win=Window(...), wrapWidth=1)
15.9899 	EXP 	Created encher_balão = ImageStim(__class__=<class 'psychopy.visual.image.ImageStim'>, anchor=('center', 'center'), autoLog=True, color=array([1., 1., 1.]), colorSpace='rgb', contrast=1.0, depth=-4.0, draggable=False, flipHoriz=False, flipVert=False, image='default.png', interpolate=True, mask=None, maskParams=None, name='encher_balão', opacity=1, ori=0.0, pos=array([0.43, 0.02]), size=array([0.15, 0.15]), texRes=128.0, units='height', win=Window(...))
16.0411 	EXP 	Created guardar_dinheiro = ImageStim(__class__=<class 'psychopy.visual.image.ImageStim'>, anchor=('center', 'center'), autoLog=True, color=array([1., 1., 1.]), colorSpace='rgb', contrast=1.0, depth=-5.0, draggable=False, flipHoriz=False, flipVert=False, image='guardar_dinheiro.jpeg', interpolate=True, mask=None, maskParams=None, name='guardar_dinheiro', opacity=1, ori=0.0, pos=array([ 0.55, -0.15]), size=array([0.17, 0.16]), texRes=128.0, units='height', win=Window(...))
16.0528 	EXP 	Created seta_avançar_2 = ImageStim(__class__=<class 'psychopy.visual.image.ImageStim'>, anchor=('center', 'center'), autoLog=True, color=array([1., 1., 1.]), colorSpace='rgb', contrast=1.0, depth=-6.0, draggable=False, flipHoriz=False, flipVert=False, image='Seta1.png', interpolate=True, mask=None, maskParams=None, name='seta_avançar_2', opacity=1, ori=0.0, pos=array([ 0.5, -0.8]), size=array([0.25, 0.15]), texRes=128.0, units='norm', win=Window(...))
16.0570 	EXP 	Created text_avançar = TextStim(__class__=<class 'psychopy.visual.text.TextStim'>, alignHoriz=method-wrapper(...), alignText='center', alignVert=method-wrapper(...), anchorHoriz='center', anchorVert='center', antialias=True, autoDraw=False, autoLog=True, bold=False, color=array([1., 1., 1.]), colorSpace='rgb', contrast=1.0, depth=-7.0, draggable=False, flipHoriz=False, flipVert=False, font='Open Sans', fontFiles=[], height=0.04, italic=False, languageStyle='LTR', name='text_avançar', opacity=1, ori=0.0, pos=array([ 0.5, -0.8]), rgb=UNKNOWN, text='Avançar', units='norm', win=Window(...), wrapWidth=1)
16.0645 	EXP 	Created fundobranco2 = ImageStim(__class__=<class 'psychopy.visual.image.ImageStim'>, anchor=('center', 'center'), autoLog=True, color=array([1., 1., 1.]), colorSpace='rgb', contrast=1.0, depth=-1.0, draggable=False, flipHoriz=False, flipVert=False, image='default.png', interpolate=True, mask=None, maskParams=None, name='fundobranco2', opacity=1, ori=0.0, pos=array([0., 0.]), size=array([2., 2.]), texRes=128.0, units='norm', win=Window(...))
16.0710 	EXP 	Created balloonBody = ImageStim(__class__=<class 'psychopy.visual.image.ImageStim'>, anchor=('center', 'center'), autoLog=True, color=array([1., 1., 1.]), colorSpace='rgb', contrast=1.0, depth=-4.0, draggable=False, flipHoriz=False, flipVert=False, image='default.png', interpolate=True, mask=None, maskParams=None, name='balloonBody', opacity=1.0, ori=270.0, pos=array([0., 0.]), size=array([1., 1.]), texRes=128.0, units='height', win=Window(...))
16.0777 	EXP 	Created molduraRM1 = ImageStim(__class__=<class 'psychopy.visual.image.ImageStim'>, anchor=('center', 'center'), autoLog=True, color=array([1., 1., 1.]), colorSpace='rgb', contrast=1.0, depth=-5.0, draggable=False, flipHoriz=False, flipVert=False, image='default.png', interpolate=True, mask=None, maskParams=None, name='molduraRM1', opacity=1, ori=0.0, pos=array([-0.4, -0.4]), size=array([0.42666667, 0.42666667]), texRes=128.0, units='height', win=Window(...))
16.0842 	EXP 	Created molduraRM2 = ImageStim(__class__=<class 'psychopy.visual.image.ImageStim'>, anchor=('center', 'center'), autoLog=True, color=array([1., 1., 1.]), colorSpace='rgb', contrast=1.0, depth=-6.0, draggable=False, flipHoriz=False, flipVert=False, image='default.png', interpolate=True, mask=None, maskParams=None, name='molduraRM2', opacity=1, ori=0.0, pos=array([ 0.4, -0.4]), size=array([0.42666667, 0.42666667]), texRes=128.0, units='height', win=Window(...))
16.0910 	EXP 	Created molduraBVM = ImageStim(__class__=<class 'psychopy.visual.image.ImageStim'>, anchor=('center', 'center'), autoLog=True, color=array([1., 1., 1.]), colorSpace='rgb', contrast=1.0, depth=-7.0, draggable=False, flipHoriz=False, flipVert=False, image='default.png', interpolate=True, mask=None, maskParams=None, name='molduraBVM', opacity=1, ori=0.0, pos=array([0. , 0.4]), size=array([0.42666667, 0.42666667]), texRes=128.0, units='height', win=Window(...))
16.0975 	EXP 	Created molduraBM = ImageStim(__class__=<class 'psychopy.visual.image.ImageStim'>, anchor=('center', 'center'), autoLog=True, color=array([1., 1., 1.]), colorSpace='rgb', contrast=1.0, depth=-8.0, draggable=False, flipHoriz=False, flipVert=False, image='default.png', interpolate=True, mask=None, maskParams=None, name='molduraBM', opacity=1, ori=0.0, pos=array([0.65, 0.4 ]), size=array([0.1, 0.1]), texRes=128.0, units='height', win=Window(...))
16.1150 	EXP 	Created reminderMsg1 = TextStim(__class__=<class 'psychopy.visual.text.TextStim'>, alignHoriz=method-wrapper(...), alignText='center', alignVert=method-wrapper(...), anchorHoriz='center', anchorVert='center', antialias=True, autoDraw=False, autoLog=True, bold=False, color=array([-1., -1., -1.]), colorSpace='rgb', contrast=1.0, depth=-9.0, draggable=False, flipHoriz=False, flipVert=False, font='Comic Sans', fontFiles=[], height=0.02, italic=False, languageStyle='LTR', name='reminderMsg1', opacity=1, ori=0.0, pos=array([-0.4, -0.4]), rgb=UNKNOWN, text='ESPAÇO para encher o balão', units='height', win=Window(...), wrapWidth=1)
16.1231 	EXP 	Created reminderMsg2 = TextStim(__class__=<class 'psychopy.visual.text.TextStim'>, alignHoriz=method-wrapper(...), alignText='center', alignVert=method-wrapper(...), anchorHoriz='center', anchorVert='center', antialias=True, autoDraw=False, autoLog=True, bold=False, color=array([-1., -1., -1.]), colorSpace='rgb', contrast=1.0, depth=-10.0, draggable=False, flipHoriz=False, flipVert=False, font='Comic Sans', fontFiles=[], height=0.02, italic=False, languageStyle='LTR', name='reminderMsg2', opacity=1, ori=0.0, pos=array([ 0.4, -0.4]), rgb=UNKNOWN, text='ENTER para guardar o valor deste balão', units='height', win=Window(...), wrapWidth=1)
16.1244 	EXP 	Created balloonValMsg = TextStim(__class__=<class 'psychopy.visual.text.TextStim'>, alignHoriz=method-wrapper(...), alignText='center', alignVert=method-wrapper(...), anchorHoriz='center', anchorVert='center', antialias=True, autoDraw=False, autoLog=True, bold=False, color=array([-1., -1., -1.]), colorSpace='rgb', contrast=1.0, depth=-11.0, draggable=False, flipHoriz=False, flipVert=False, font='Comic Sans', fontFiles=[], height=0.04, italic=False, languageStyle='LTR', name='balloonValMsg', opacity=1, ori=0.0, pos=array([0. , 0.4]), rgb=UNKNOWN, text='', units='height', win=Window(...), wrapWidth=1)
16.1258 	EXP 	Created bankedMsg = TextStim(__class__=<class 'psychopy.visual.text.TextStim'>, alignHoriz=method-wrapper(...), alignText='center', alignVert=method-wrapper(...), anchorHoriz='center', anchorVert='center', antialias=True, autoDraw=False, autoLog=True, bold=False, color=array([-1., -1., -1.]), colorSpace='rgb', contrast=1.0, depth=-12.0, draggable=False, flipHoriz=False, flipVert=False, font='Comic Sans', fontFiles=[], height=0.04, italic=False, languageStyle='LTR', name='bankedMsg', opacity=1, ori=0.0, pos=array([0.5, 0.4]), rgb=UNKNOWN, text='', units='height', win=Window(...), wrapWidth=1)
16.1325 	EXP 	Created fundobranco3 = ImageStim(__class__=<class 'psychopy.visual.image.ImageStim'>, anchor=('center', 'center'), autoLog=True, color=array([1., 1., 1.]), colorSpace='rgb', contrast=1.0, depth=-1.0, draggable=False, flipHoriz=False, flipVert=False, image='default.png', interpolate=True, mask=None, maskParams=None, name='fundobranco3', opacity=1, ori=0.0, pos=array([0., 0.]), size=array([2., 2.]), texRes=128.0, units='norm', win=Window(...))
16.7801 	EXP 	Created feedbackMsg22 = TextStim(__class__=<class 'psychopy.visual.text.TextStim'>, alignHoriz=method-wrapper(...), alignText='center', alignVert=method-wrapper(...), anchorHoriz='center', anchorVert='center', antialias=True, autoDraw=False, autoLog=True, bold=False, color=array([-1., -1., -1.]), colorSpace='rgb', contrast=1.0, depth=-3.0, draggable=False, flipHoriz=False, flipVert=False, font='Comic Sans', fontFiles=[], height=0.09, italic=False, languageStyle='LTR', name='feedbackMsg22', opacity=1, ori=0.0, pos=array([0., 0.]), rgb=UNKNOWN, text='', units='norm', win=Window(...), wrapWidth=1)
16.8236 	EXP 	Created fundobranco4 = ImageStim(__class__=<class 'psychopy.visual.image.ImageStim'>, anchor=('center', 'center'), autoLog=True, color=array([1., 1., 1.]), colorSpace='rgb', contrast=1.0, depth=-1.0, draggable=False, flipHoriz=False, flipVert=False, image='branco.jpeg', interpolate=True, mask=None, maskParams=None, name='fundobranco4', opacity=1, ori=0.0, pos=array([0., 0.]), size=array([2., 2.]), texRes=128.0, units='norm', win=Window(...))
16.8255 	EXP 	Created finalScore = TextStim(__class__=<class 'psychopy.visual.text.TextStim'>, alignHoriz=method-wrapper(...), alignText='center', alignVert=method-wrapper(...), anchorHoriz='center', anchorVert='center', antialias=True, autoDraw=False, autoLog=True, bold=False, color=array([-1., -1., -1.]), colorSpace='rgb', contrast=1.0, depth=-2.0, draggable=False, flipHoriz=False, flipVert=False, font='Comic Sans', fontFiles=[], height=0.1, italic=False, languageStyle='LTR', name='finalScore', opacity=1, ori=0.0, pos=array([0., 0.]), rgb=UNKNOWN, text='', units='norm', win=Window(...), wrapWidth=1)
16.8828 	EXP 	Created _fundo_branco_final = ImageStim(__class__=<class 'psychopy.visual.image.ImageStim'>, anchor=('center', 'center'), autoLog=True, color=array([1., 1., 1.]), colorSpace='rgb', contrast=1.0, depth=-1.0, draggable=False, flipHoriz=False, flipVert=False, image='branco.jpeg', interpolate=True, mask=None, maskParams=None, name='_fundo_branco_final', opacity=1, ori=0.0, pos=array([0., 0.]), size=array([2., 2.]), texRes=128.0, units='norm', win=Window(...))
16.9138 	EXP 	Created farwell_ = TextStim(__class__=<class 'psychopy.visual.text.TextStim'>, alignHoriz=method-wrapper(...), alignText='center', alignVert=method-wrapper(...), anchorHoriz='center', anchorVert='center', antialias=True, autoDraw=False, autoLog=True, bold=False, color=array([-1., -1., -1.]), colorSpace='rgb', contrast=1.0, depth=-2.0, draggable=False, flipHoriz=False, flipVert=False, font='Comic Sans', fontFiles=[], height=0.1, italic=False, languageStyle='LTR', name='farwell_', opacity=1, ori=0.0, pos=array([0., 0.]), rgb=UNKNOWN, text=str(...), units='norm', win=Window(...), wrapWidth=1)
16.9254 	EXP 	Created smile_final = ImageStim(__class__=<class 'psychopy.visual.image.ImageStim'>, anchor=('center', 'center'), autoLog=True, color=array([1., 1., 1.]), colorSpace='rgb', contrast=1.0, depth=-3.0, draggable=False, flipHoriz=False, flipVert=False, image='smile_final.jpeg', interpolate=True, mask=None, maskParams=None, name='smile_final', opacity=1, ori=0.0, pos=array([ 0. , -0.1]), size=array([0.4, 0.4]), texRes=128.0, units='norm', win=Window(...))
0.1521 	DEBUG 	Saving data for bart2 ExperimentHandler
0.1549 	INFO 	saved data to /Users/marlenenogueira/Documents/Academia/Projects/Lúcia/5_Tarefas_Bart e Trust Game/BART/data/1111111_bart2_2024-12-03_17h14.18.540.psydat
0.1556 	INFO 	saved data to '/Users/marlenenogueira/Documents/Academia/Projects/Lúcia/5_Tarefas_Bart e Trust Game/BART/data/1111111_bart2_2024-12-03_17h14.18.540.csv'
