12.9291 	WARNING 	User requested fullscreen with size [1280  800], but screen is actually [1440, 900]. Using actual size
14.4413 	WARNING 	Couldn't measure a consistent frame rate!
  - Is your graphics card set to sync to vertical blank?
  - Are you running other processes on your computer?

14.4436 	EXP 	Created window1 = Window(allowGUI=True, allowStencil=False, autoLog=True, backendConf=UNKNOWN, bitsMode=UNKNOWN, blendMode='avg', bpc=(8, 8, 8), color=array([0, 0, 0]), colorSpace='rgb', depthBits=8, fullscr=<method-wrapper '__getattribute__' of attributeSetter object at 0x7fd4b38e1400>, gamma=None, gammaErrorPolicy='raise', lms=UNKNOWN, monitor=<psychopy.monitors.calibTools.Monitor object at 0x7fd48452b520>, multiSample=False, name='window1', numSamples=2, pos=[360.0, 225.0], screen=0, size=array([2880, 1800]), stencilBits=0, stereo=False, units='norm', useFBO=True, useRetina=True, viewOri=0.0, viewPos=None, viewScale=None, waitBlanking=True, winType='pyglet')
14.4439 	EXP 	window1: mouseVisible = True
14.4452 	EXP 	window1: mouseVisible = False
14.4453 	EXP 	window1: Attempting to measure frame rate of screen (0) ...
14.4453 	EXP 	window1: recordFrameIntervals = False
14.5241 	EXP 	window1: recordFrameIntervals = True
15.3574 	WARNING 	Couldn't measure a consistent frame rate!
  - Is your graphics card set to sync to vertical blank?
  - Are you running other processes on your computer?

15.5100 	EXP 	Created _fundo_branco_ = ImageStim(__class__=<class 'psychopy.visual.image.ImageStim'>, anchor=('center', 'center'), autoLog=True, color=array([1., 1., 1.]), colorSpace='rgb', contrast=1.0, depth=0.0, flipHoriz=False, flipVert=False, image='branco.jpeg', interpolate=True, mask=None, maskParams=None, name='_fundo_branco_', opacity=1.0, ori=0.0, pos=array([0., 0.]), size=array([2., 2.]), texRes=128.0, units='norm', win=Window(...))
15.5757 	EXP 	Created welcome_ = TextStim(__class__=<class 'psychopy.visual.text.TextStim'>, alignHoriz=method-wrapper(...), alignText='center', alignVert=method-wrapper(...), anchorHoriz='center', anchorVert='center', antialias=True, autoDraw=False, autoLog=True, bold=False, color=array([-1., -1., -1.]), colorSpace='rgb', contrast=1.0, depth=-1.0, flipHoriz=False, flipVert=False, font='Comic Sans', fontFiles=[], height=0.1, italic=False, languageStyle='LTR', name='welcome_', opacity=1.0, ori=0.0, pos=array([0., 0.]), rgb=UNKNOWN, text=str(...), units='norm', win=Window(...), wrapWidth=1)
15.6074 	EXP 	Created smile = ImageStim(__class__=<class 'psychopy.visual.image.ImageStim'>, anchor=('center', 'center'), autoLog=True, color=array([1., 1., 1.]), colorSpace='rgb', contrast=1.0, depth=-3.0, flipHoriz=False, flipVert=False, image='smile_inicial.jpeg', interpolate=True, mask=None, maskParams=None, name='smile', opacity=1.0, ori=0.0, pos=array([0., 0.]), size=array([0.4, 0.4]), texRes=128.0, units='norm', win=Window(...))
15.6204 	EXP 	Created text_3 = TextStim(__class__=<class 'psychopy.visual.text.TextStim'>, alignHoriz=method-wrapper(...), alignText='center', alignVert=method-wrapper(...), anchorHoriz='center', anchorVert='center', antialias=True, autoDraw=False, autoLog=True, bold=False, color=array([-1., -1., -1.]), colorSpace='rgb', contrast=1.0, depth=-4.0, flipHoriz=False, flipVert=False, font='Open Sans', fontFiles=[], height=0.029, italic=False, languageStyle='LTR', name='text_3', opacity=1.0, ori=0.0, pos=array([ 0.  , -0.55]), rgb=UNKNOWN, text="\n\nPara avançar pressione a tecla 'ENTER'", units='norm', win=Window(...), wrapWidth=1)
15.7010 	EXP 	Created fundo_branco = ImageStim(__class__=<class 'psychopy.visual.image.ImageStim'>, anchor=('center', 'center'), autoLog=True, color=array([1., 1., 1.]), colorSpace='rgb', contrast=1.0, depth=0.0, flipHoriz=False, flipVert=False, image='branco.jpeg', interpolate=True, mask=None, maskParams=None, name='fundo_branco', opacity=1.0, ori=0.0, pos=array([0., 0.]), size=array([2., 2.]), texRes=128.0, units='norm', win=Window(...))
15.7070 	EXP 	Created fundobranco = ImageStim(__class__=<class 'psychopy.visual.image.ImageStim'>, anchor=('center', 'center'), autoLog=True, color=array([1., 1., 1.]), colorSpace='rgb', contrast=1.0, depth=0.0, flipHoriz=False, flipVert=False, image='sin', interpolate=True, mask=None, maskParams=None, name='fundobranco', opacity=1.0, ori=0.0, pos=array([0., 0.]), size=array([2., 2.]), texRes=128.0, units='norm', win=Window(...))
15.7580 	EXP 	Created balão = ImageStim(__class__=<class 'psychopy.visual.image.ImageStim'>, anchor=('center', 'center'), autoLog=True, color=array([1., 1., 1.]), colorSpace='rgb', contrast=1.0, depth=-1.0, flipHoriz=False, flipVert=False, image='redBalloon.png', interpolate=True, mask=None, maskParams=None, name='balão', opacity=1.0, ori=0.0, pos=array([-0.6,  0.3]), size=array([0.18, 0.18]), texRes=128.0, units='height', win=Window(...))
15.7625 	EXP 	Created euro = ImageStim(__class__=<class 'psychopy.visual.image.ImageStim'>, anchor=('center', 'center'), autoLog=True, color=array([1., 1., 1.]), colorSpace='rgb', contrast=1.0, depth=-2.0, flipHoriz=False, flipVert=False, image='sin', interpolate=True, mask=None, maskParams=None, name='euro', opacity=1.0, ori=0.0, pos=array([0.6, 0.3]), size=array([0.18, 0.18]), texRes=128.0, units='height', win=Window(...))
15.7666 	EXP 	Created balão_rebentado = ImageStim(__class__=<class 'psychopy.visual.image.ImageStim'>, anchor=('center', 'center'), autoLog=True, color=array([1., 1., 1.]), colorSpace='rgb', contrast=1.0, depth=-3.0, flipHoriz=False, flipVert=False, image='sin', interpolate=True, mask=None, maskParams=None, name='balão_rebentado', opacity=1.0, ori=0.0, pos=array([-0.6, -0.1]), size=array([0.27, 0.27]), texRes=128.0, units='height', win=Window(...))
15.7704 	EXP 	Created perder_dinheiro = ImageStim(__class__=<class 'psychopy.visual.image.ImageStim'>, anchor=('center', 'center'), autoLog=True, color=array([1., 1., 1.]), colorSpace='rgb', contrast=1.0, depth=-4.0, flipHoriz=False, flipVert=False, image='sin', interpolate=True, mask=None, maskParams=None, name='perder_dinheiro', opacity=1.0, ori=0.0, pos=array([ 0.6, -0.1]), size=array([0.3 , 0.25]), texRes=128.0, units='height', win=Window(...))
15.7995 	EXP 	Created instruções1 = TextStim(__class__=<class 'psychopy.visual.text.TextStim'>, alignHoriz=method-wrapper(...), alignText='center', alignVert=method-wrapper(...), anchorHoriz='center', anchorVert='center', antialias=True, autoDraw=False, autoLog=True, bold=False, color=array([-1., -1., -1.]), colorSpace='rgb', contrast=1.0, depth=-5.0, flipHoriz=False, flipVert=False, font='Comic Sans', fontFiles=[], height=0.09, italic=False, languageStyle='LTR', name='instruções1', opacity=1.0, ori=0.0, pos=array([0., 0.]), rgb=UNKNOWN, text=str(...), units='norm', win=Window(...), wrapWidth=1)
15.8197 	EXP 	Created seta_avançar = ImageStim(__class__=<class 'psychopy.visual.image.ImageStim'>, anchor=('center', 'center'), autoLog=True, color=array([1., 1., 1.]), colorSpace='rgb', contrast=1.0, depth=-6.0, flipHoriz=False, flipVert=False, image='Seta1.png', interpolate=True, mask=None, maskParams=None, name='seta_avançar', opacity=1.0, ori=0.0, pos=array([ 0.5, -0.8]), size=array([0.25, 0.15]), texRes=128.0, units='norm', win=Window(...))
15.8263 	EXP 	Created text_avançar_2 = TextStim(__class__=<class 'psychopy.visual.text.TextStim'>, alignHoriz=method-wrapper(...), alignText='center', alignVert=method-wrapper(...), anchorHoriz='center', anchorVert='center', antialias=True, autoDraw=False, autoLog=True, bold=False, color=array([1., 1., 1.]), colorSpace='rgb', contrast=1.0, depth=-7.0, flipHoriz=False, flipVert=False, font='Open Sans', fontFiles=[], height=0.04, italic=False, languageStyle='LTR', name='text_avançar_2', opacity=1.0, ori=0.0, pos=array([ 0.5, -0.8]), rgb=UNKNOWN, text='Avançar', units='norm', win=Window(...), wrapWidth=1)
15.8264 	EXP 	window1: mouseVisible = True
15.9049 	EXP 	Created fundobranco1 = ImageStim(__class__=<class 'psychopy.visual.image.ImageStim'>, anchor=('center', 'center'), autoLog=True, color=array([1., 1., 1.]), colorSpace='rgb', contrast=1.0, depth=0.0, flipHoriz=False, flipVert=False, image='branco.jpeg', interpolate=True, mask=None, maskParams=None, name='fundobranco1', opacity=1.0, ori=0.0, pos=array([0., 0.]), size=array([2., 2.]), texRes=128.0, units='norm', win=Window(...))
15.9476 	EXP 	Created enter_tecla = ImageStim(__class__=<class 'psychopy.visual.image.ImageStim'>, anchor=('center', 'center'), autoLog=True, color=array([1., 1., 1.]), colorSpace='rgb', contrast=1.0, depth=-1.0, flipHoriz=False, flipVert=False, image='enter_tecla.jpeg', interpolate=True, mask=None, maskParams=None, name='enter_tecla', opacity=1.0, ori=0.0, pos=array([-0.63, -0.15]), size=array([0.33, 0.09]), texRes=128.0, units='height', win=Window(...))
15.9866 	EXP 	Created instruções2 = TextStim(__class__=<class 'psychopy.visual.text.TextStim'>, alignHoriz=method-wrapper(...), alignText='center', alignVert=method-wrapper(...), anchorHoriz='center', anchorVert='center', antialias=True, autoDraw=False, autoLog=True, bold=False, color=array([-1., -1., -1.]), colorSpace='rgb', contrast=1.0, depth=-2.0, flipHoriz=False, flipVert=False, font='Comic Sans', fontFiles=[], height=0.08, italic=False, languageStyle='LTR', name='instruções2', opacity=1.0, ori=0.0, pos=array([0., 0.]), rgb=UNKNOWN, text=str(...), units='norm', win=Window(...), wrapWidth=1)
15.9907 	EXP 	Created encher_balão = ImageStim(__class__=<class 'psychopy.visual.image.ImageStim'>, anchor=('center', 'center'), autoLog=True, color=array([1., 1., 1.]), colorSpace='rgb', contrast=1.0, depth=-3.0, flipHoriz=False, flipVert=False, image='sin', interpolate=True, mask=None, maskParams=None, name='encher_balão', opacity=1.0, ori=0.0, pos=array([0.43, 0.02]), size=array([0.15, 0.15]), texRes=128.0, units='height', win=Window(...))
16.1003 	EXP 	Created guardar_dinheiro = ImageStim(__class__=<class 'psychopy.visual.image.ImageStim'>, anchor=('center', 'center'), autoLog=True, color=array([1., 1., 1.]), colorSpace='rgb', contrast=1.0, depth=-4.0, flipHoriz=False, flipVert=False, image='guardar_dinheiro.jpeg', interpolate=True, mask=None, maskParams=None, name='guardar_dinheiro', opacity=1.0, ori=0.0, pos=array([ 0.55, -0.15]), size=array([0.17, 0.16]), texRes=128.0, units='height', win=Window(...))
16.1242 	EXP 	Created seta_avançar_2 = ImageStim(__class__=<class 'psychopy.visual.image.ImageStim'>, anchor=('center', 'center'), autoLog=True, color=array([1., 1., 1.]), colorSpace='rgb', contrast=1.0, depth=-5.0, flipHoriz=False, flipVert=False, image='Seta1.png', interpolate=True, mask=None, maskParams=None, name='seta_avançar_2', opacity=1.0, ori=0.0, pos=array([ 0.5, -0.8]), size=array([0.25, 0.15]), texRes=128.0, units='norm', win=Window(...))
16.1283 	EXP 	Created text_avançar = TextStim(__class__=<class 'psychopy.visual.text.TextStim'>, alignHoriz=method-wrapper(...), alignText='center', alignVert=method-wrapper(...), anchorHoriz='center', anchorVert='center', antialias=True, autoDraw=False, autoLog=True, bold=False, color=array([1., 1., 1.]), colorSpace='rgb', contrast=1.0, depth=-6.0, flipHoriz=False, flipVert=False, font='Open Sans', fontFiles=[], height=0.04, italic=False, languageStyle='LTR', name='text_avançar', opacity=1.0, ori=0.0, pos=array([ 0.5, -0.8]), rgb=UNKNOWN, text='Avançar', units='norm', win=Window(...), wrapWidth=1)
16.1284 	EXP 	window1: mouseVisible = True
16.1330 	EXP 	Created fundobranco2 = ImageStim(__class__=<class 'psychopy.visual.image.ImageStim'>, anchor=('center', 'center'), autoLog=True, color=array([1., 1., 1.]), colorSpace='rgb', contrast=1.0, depth=0.0, flipHoriz=False, flipVert=False, image='sin', interpolate=True, mask=None, maskParams=None, name='fundobranco2', opacity=1.0, ori=0.0, pos=array([0., 0.]), size=array([2., 2.]), texRes=128.0, units='norm', win=Window(...))
16.1368 	EXP 	Created balloonBody = ImageStim(__class__=<class 'psychopy.visual.image.ImageStim'>, anchor=('center', 'center'), autoLog=True, color=array([1., 1., 1.]), colorSpace='rgb', contrast=1.0, depth=-3.0, flipHoriz=False, flipVert=False, image='sin', interpolate=True, mask=None, maskParams=None, name='balloonBody', opacity=1.0, ori=270.0, pos=array([0., 0.]), size=array([1., 1.]), texRes=128.0, units='height', win=Window(...))
16.1412 	EXP 	Created molduraRM1 = ImageStim(__class__=<class 'psychopy.visual.image.ImageStim'>, anchor=('center', 'center'), autoLog=True, color=array([1., 1., 1.]), colorSpace='rgb', contrast=1.0, depth=-4.0, flipHoriz=False, flipVert=False, image='sin', interpolate=True, mask=None, maskParams=None, name='molduraRM1', opacity=1.0, ori=0.0, pos=array([-0.4, -0.4]), size=array([0.8, 0.5]), texRes=128.0, units='height', win=Window(...))
16.1452 	EXP 	Created molduraRM2 = ImageStim(__class__=<class 'psychopy.visual.image.ImageStim'>, anchor=('center', 'center'), autoLog=True, color=array([1., 1., 1.]), colorSpace='rgb', contrast=1.0, depth=-5.0, flipHoriz=False, flipVert=False, image='sin', interpolate=True, mask=None, maskParams=None, name='molduraRM2', opacity=1.0, ori=0.0, pos=array([ 0.4, -0.4]), size=array([0.8, 0.5]), texRes=128.0, units='height', win=Window(...))
16.1495 	EXP 	Created molduraBVM = ImageStim(__class__=<class 'psychopy.visual.image.ImageStim'>, anchor=('center', 'center'), autoLog=True, color=array([1., 1., 1.]), colorSpace='rgb', contrast=1.0, depth=-6.0, flipHoriz=False, flipVert=False, image='sin', interpolate=True, mask=None, maskParams=None, name='molduraBVM', opacity=1.0, ori=0.0, pos=array([0. , 0.4]), size=array([0.8, 0.5]), texRes=128.0, units='height', win=Window(...))
16.1531 	EXP 	Created molduraBM = ImageStim(__class__=<class 'psychopy.visual.image.ImageStim'>, anchor=('center', 'center'), autoLog=True, color=array([1., 1., 1.]), colorSpace='rgb', contrast=1.0, depth=-7.0, flipHoriz=False, flipVert=False, image='sin', interpolate=True, mask=None, maskParams=None, name='molduraBM', opacity=1.0, ori=0.0, pos=array([0.65, 0.4 ]), size=array([0.1, 0.1]), texRes=128.0, units='height', win=Window(...))
16.1624 	EXP 	Created reminderMsg1 = TextStim(__class__=<class 'psychopy.visual.text.TextStim'>, alignHoriz=method-wrapper(...), alignText='center', alignVert=method-wrapper(...), anchorHoriz='center', anchorVert='center', antialias=True, autoDraw=False, autoLog=True, bold=False, color=array([-1., -1., -1.]), colorSpace='rgb', contrast=1.0, depth=-8.0, flipHoriz=False, flipVert=False, font='Comic Sans', fontFiles=[], height=0.02, italic=False, languageStyle='LTR', name='reminderMsg1', opacity=1.0, ori=0.0, pos=array([-0.4, -0.4]), rgb=UNKNOWN, text='ESPAÇO para encher o balão', units='height', win=Window(...), wrapWidth=1)
16.1680 	EXP 	Created reminderMsg2 = TextStim(__class__=<class 'psychopy.visual.text.TextStim'>, alignHoriz=method-wrapper(...), alignText='center', alignVert=method-wrapper(...), anchorHoriz='center', anchorVert='center', antialias=True, autoDraw=False, autoLog=True, bold=False, color=array([-1., -1., -1.]), colorSpace='rgb', contrast=1.0, depth=-9.0, flipHoriz=False, flipVert=False, font='Comic Sans', fontFiles=[], height=0.02, italic=False, languageStyle='LTR', name='reminderMsg2', opacity=1.0, ori=0.0, pos=array([ 0.4, -0.4]), rgb=UNKNOWN, text='ENTER para guardar o valor deste balão', units='height', win=Window(...), wrapWidth=1)
16.1691 	EXP 	Created balloonValMsg = TextStim(__class__=<class 'psychopy.visual.text.TextStim'>, alignHoriz=method-wrapper(...), alignText='center', alignVert=method-wrapper(...), anchorHoriz='center', anchorVert='center', antialias=True, autoDraw=False, autoLog=True, bold=False, color=array([-1., -1., -1.]), colorSpace='rgb', contrast=1.0, depth=-10.0, flipHoriz=False, flipVert=False, font='Comic Sans', fontFiles=[], height=0.04, italic=False, languageStyle='LTR', name='balloonValMsg', opacity=1.0, ori=0.0, pos=array([0. , 0.4]), rgb=UNKNOWN, text='', units='height', win=Window(...), wrapWidth=1)
16.1703 	EXP 	Created bankedMsg = TextStim(__class__=<class 'psychopy.visual.text.TextStim'>, alignHoriz=method-wrapper(...), alignText='center', alignVert=method-wrapper(...), anchorHoriz='center', anchorVert='center', antialias=True, autoDraw=False, autoLog=True, bold=False, color=array([-1., -1., -1.]), colorSpace='rgb', contrast=1.0, depth=-11.0, flipHoriz=False, flipVert=False, font='Comic Sans', fontFiles=[], height=0.04, italic=False, languageStyle='LTR', name='bankedMsg', opacity=1.0, ori=0.0, pos=array([0.5, 0.4]), rgb=UNKNOWN, text='', units='height', win=Window(...), wrapWidth=1)
16.1742 	EXP 	Created fundobranco3 = ImageStim(__class__=<class 'psychopy.visual.image.ImageStim'>, anchor=('center', 'center'), autoLog=True, color=array([1., 1., 1.]), colorSpace='rgb', contrast=1.0, depth=0.0, flipHoriz=False, flipVert=False, image='sin', interpolate=True, mask=None, maskParams=None, name='fundobranco3', opacity=1.0, ori=0.0, pos=array([0., 0.]), size=array([2., 2.]), texRes=128.0, units='norm', win=Window(...))
16.2717 	EXP 	Created feedbackMsg22 = TextStim(__class__=<class 'psychopy.visual.text.TextStim'>, alignHoriz=method-wrapper(...), alignText='center', alignVert=method-wrapper(...), anchorHoriz='center', anchorVert='center', antialias=True, autoDraw=False, autoLog=True, bold=False, color=array([-1., -1., -1.]), colorSpace='rgb', contrast=1.0, depth=-2.0, flipHoriz=False, flipVert=False, font='Comic Sans', fontFiles=[], height=0.09, italic=False, languageStyle='LTR', name='feedbackMsg22', opacity=1.0, ori=0.0, pos=array([0., 0.]), rgb=UNKNOWN, text='', units='norm', win=Window(...), wrapWidth=1)
16.3797 	EXP 	Created fundobranco4 = ImageStim(__class__=<class 'psychopy.visual.image.ImageStim'>, anchor=('center', 'center'), autoLog=True, color=array([1., 1., 1.]), colorSpace='rgb', contrast=1.0, depth=0.0, flipHoriz=False, flipVert=False, image='branco.jpeg', interpolate=True, mask=None, maskParams=None, name='fundobranco4', opacity=1.0, ori=0.0, pos=array([0., 0.]), size=array([2., 2.]), texRes=128.0, units='norm', win=Window(...))
16.3810 	EXP 	Created finalScore = TextStim(__class__=<class 'psychopy.visual.text.TextStim'>, alignHoriz=method-wrapper(...), alignText='center', alignVert=method-wrapper(...), anchorHoriz='center', anchorVert='center', antialias=True, autoDraw=False, autoLog=True, bold=False, color=array([-1., -1., -1.]), colorSpace='rgb', contrast=1.0, depth=-1.0, flipHoriz=False, flipVert=False, font='Comic Sans', fontFiles=[], height=0.1, italic=False, languageStyle='LTR', name='finalScore', opacity=1.0, ori=0.0, pos=array([0., 0.]), rgb=UNKNOWN, text='', units='norm', win=Window(...), wrapWidth=1)
16.4745 	EXP 	Created _fundo_branco_final = ImageStim(__class__=<class 'psychopy.visual.image.ImageStim'>, anchor=('center', 'center'), autoLog=True, color=array([1., 1., 1.]), colorSpace='rgb', contrast=1.0, depth=0.0, flipHoriz=False, flipVert=False, image='branco.jpeg', interpolate=True, mask=None, maskParams=None, name='_fundo_branco_final', opacity=1.0, ori=0.0, pos=array([0., 0.]), size=array([2., 2.]), texRes=128.0, units='norm', win=Window(...))
16.4910 	EXP 	Created farwell_ = TextStim(__class__=<class 'psychopy.visual.text.TextStim'>, alignHoriz=method-wrapper(...), alignText='center', alignVert=method-wrapper(...), anchorHoriz='center', anchorVert='center', antialias=True, autoDraw=False, autoLog=True, bold=False, color=array([-1., -1., -1.]), colorSpace='rgb', contrast=1.0, depth=-1.0, flipHoriz=False, flipVert=False, font='Comic Sans', fontFiles=[], height=0.1, italic=False, languageStyle='LTR', name='farwell_', opacity=1.0, ori=0.0, pos=array([0., 0.]), rgb=UNKNOWN, text=str(...), units='norm', win=Window(...), wrapWidth=1)
16.5147 	EXP 	Created smile_final = ImageStim(__class__=<class 'psychopy.visual.image.ImageStim'>, anchor=('center', 'center'), autoLog=True, color=array([1., 1., 1.]), colorSpace='rgb', contrast=1.0, depth=-2.0, flipHoriz=False, flipVert=False, image='smile_final.jpeg', interpolate=True, mask=None, maskParams=None, name='smile_final', opacity=1.0, ori=0.0, pos=array([ 0. , -0.1]), size=array([0.4, 0.4]), texRes=128.0, units='norm', win=Window(...))
16.5442 	WARNING 	t of last frame was 1187.09ms (=1/0)
16.5442 	EXP 	_fundo_branco_: autoDraw = True
16.5442 	EXP 	welcome_: autoDraw = True
16.5442 	EXP 	smile: autoDraw = True
16.8183 	WARNING 	t of last frame was 22.30ms (=1/44)
17.1847 	WARNING 	t of last frame was 22.14ms (=1/45)
17.2846 	WARNING 	t of last frame was 22.02ms (=1/45)
17.4687 	WARNING 	Multiple dropped frames have occurred - I'll stop bothering you about them!
18.5183 	EXP 	text_3: autoDraw = True
21.1863 	DATA 	Keypress: return
21.2021 	EXP 	_fundo_branco_: autoDraw = False
21.2021 	EXP 	welcome_: autoDraw = False
21.2021 	EXP 	smile: autoDraw = False
21.2021 	EXP 	text_3: autoDraw = False
21.2021 	EXP 	fundo_branco: autoDraw = True
22.3226 	EXP 	fundo_branco: autoDraw = False
22.3226 	EXP 	fundo_branco: autoDraw = False
22.3226 	EXP 	fundobranco: image = 'branco.jpeg'
22.3226 	EXP 	euro: image = 'euro.png'
22.3226 	EXP 	balão_rebentado: image = 'balao_rebentado.jpeg'
22.3226 	EXP 	perder_dinheiro: image = 'perder_dinheiro.jpeg'
22.3226 	EXP 	fundobranco: autoDraw = True
22.3226 	EXP 	balão: autoDraw = True
22.3226 	EXP 	euro: autoDraw = True
22.3226 	EXP 	balão_rebentado: autoDraw = True
22.3226 	EXP 	perder_dinheiro: autoDraw = True
22.3226 	EXP 	instruções1: autoDraw = True
22.3226 	EXP 	seta_avançar: autoDraw = True
22.3226 	EXP 	text_avançar_2: autoDraw = True
22.9881 	DATA 	Keypress: escape
23.7849 	EXP 	window1: mouseVisible = True
