10.7221 	WARNING 	User requested fullscreen with size [2560 1440], but screen is actually [1920, 1080]. Using actual size
11.4643 	EXP 	Created window1 = Window(allowGUI=False, allowStencil=False, autoLog=True, backendConf=UNKNOWN, bitsMode=UNKNOWN, blendMode='avg', bpc=(8, 8, 8), color=array([-1, -1, -1]), colorSpace='rgb', depthBits=8, fullscr=<method-wrapper '__getattribute__' of attributeSetter object at 0x0000021670AE94A8>, gamma=None, gammaErrorPolicy='raise', lms=UNKNOWN, monitor=<psychopy.monitors.calibTools.Monitor object at 0x0000021670B22C88>, multiSample=False, name='window1', numSamples=2, pos=[0.0, 0.0], screen=0, size=array([1920, 1080]), stencilBits=0, stereo=False, units='norm', useFBO=True, useRetina=False, viewOri=0.0, viewPos=None, viewScale=None, waitBlanking=True, winType='pyglet')
11.4649 	EXP 	window1: mouseVisible = True
11.4649 	EXP 	window1: recordFrameIntervals = False
11.6298 	EXP 	window1: recordFrameIntervals = True
11.8137 	EXP 	window1: recordFrameIntervals = False
11.9682 	EXP 	Created txt_checkFiles_start = TextStim(__class__=<class 'psychopy.visual.text.TextStim'>, alignHoriz=method-wrapper(...), alignText='center', alignVert=method-wrapper(...), anchorHoriz='center', anchorVert='center', antialias=True, autoLog=True, bold=False, color=array([1., 1., 1.]), colorSpace='rgb', contrast=1.0, depth=-4.0, flipHoriz=False, flipVert=False, font='Courier New', fontFiles=[], height=0.05, italic=False, languageStyle='LTR', name='txt_checkFiles_start', opacity=1, ori=0, pos=array([0., 0.]), rgb=UNKNOWN, text='', units='norm', win=Window(...), wrapWidth=1)
11.9684 	EXP 	window1: mouseVisible = False
12.0541 	EXP 	Created txt_checkFiles_end = TextStim(__class__=<class 'psychopy.visual.text.TextStim'>, alignHoriz=method-wrapper(...), alignText='center', alignVert=method-wrapper(...), anchorHoriz='center', anchorVert='center', antialias=True, autoLog=True, bold=False, color=array([1., 1., 1.]), colorSpace='rgb', contrast=1.0, depth=-1.0, flipHoriz=False, flipVert=False, font='Courier New', fontFiles=[], height=0.05, italic=False, languageStyle='LTR', name='txt_checkFiles_end', opacity=1, ori=0, pos=array([0., 0.]), rgb=UNKNOWN, text=str(...), units='norm', win=Window(...), wrapWidth=1)
12.0548 	EXP 	Created txt_resFileClashWarn = TextStim(__class__=<class 'psychopy.visual.text.TextStim'>, alignHoriz=method-wrapper(...), alignText='center', alignVert=method-wrapper(...), anchorHoriz='center', anchorVert='center', antialias=True, autoLog=True, bold=False, color=array([1., 1., 1.]), colorSpace='rgb', contrast=1.0, depth=-3.0, flipHoriz=False, flipVert=False, font='Courier New', fontFiles=[], height=0.05, italic=False, languageStyle='LTR', name='txt_resFileClashWarn', opacity=1, ori=0, pos=array([0., 0.]), rgb=UNKNOWN, text='', units='norm', win=Window(...), wrapWidth=1)
12.0570 	EXP 	Created str_keyInst_pract = TextStim(__class__=<class 'psychopy.visual.text.TextStim'>, alignHoriz=method-wrapper(...), alignText='center', alignVert=method-wrapper(...), anchorHoriz='center', anchorVert='center', antialias=True, autoLog=True, bold=False, color=array([1., 1., 1.]), colorSpace='rgb', contrast=1.0, depth=-1.0, flipHoriz=False, flipVert=False, font='Courier New', fontFiles=[], height=0.05, italic=False, languageStyle='LTR', name='str_keyInst_pract', opacity=1, ori=0, pos=array([0., 0.]), rgb=UNKNOWN, text='', units='norm', win=Window(...), wrapWidth=60)
12.0578 	EXP 	Created txt_checkKeyMap = TextStim(__class__=<class 'psychopy.visual.text.TextStim'>, alignHoriz=method-wrapper(...), alignText='center', alignVert=method-wrapper(...), anchorHoriz='center', anchorVert='center', antialias=True, autoLog=True, bold=False, color=array([1., 1., 1.]), colorSpace='rgb', contrast=1.0, depth=-1.0, flipHoriz=False, flipVert=False, font='Courier New', fontFiles=[], height=0.05, italic=False, languageStyle='LTR', name='txt_checkKeyMap', opacity=1, ori=0, pos=array([0., 0.]), rgb=UNKNOWN, text='', units='norm', win=Window(...), wrapWidth=1)
12.0696 	EXP 	Created text_checkKeyMapComplete = TextStim(__class__=<class 'psychopy.visual.text.TextStim'>, alignHoriz=method-wrapper(...), alignText='center', alignVert=method-wrapper(...), anchorHoriz='center', anchorVert='center', antialias=True, autoLog=True, bold=False, color=array([1., 1., 1.]), colorSpace='rgb', contrast=1.0, depth=0.0, flipHoriz=False, flipVert=False, font='Courier New', fontFiles=[], height=0.05, italic=False, languageStyle='LTR', name='text_checkKeyMapComplete', opacity=1, ori=0, pos=array([0., 0.]), rgb=UNKNOWN, text=str(...), units='norm', win=Window(...), wrapWidth=1)
12.0737 	EXP 	Created text_getReady = TextStim(__class__=<class 'psychopy.visual.text.TextStim'>, alignHoriz=method-wrapper(...), alignText='center', alignVert=method-wrapper(...), anchorHoriz='center', anchorVert='center', antialias=True, autoLog=True, bold=False, color=array([1., 1., 1.]), colorSpace='rgb', contrast=1.0, depth=-1.0, flipHoriz=False, flipVert=False, font='Courier New', fontFiles=[], height=0.06, italic=False, languageStyle='LTR', name='text_getReady', opacity=1, ori=0, pos=array([0., 0.]), rgb=UNKNOWN, text='Prepare-se.', units='norm', win=Window(...), wrapWidth=1)
12.0774 	EXP 	Created txt_fix = TextStim(__class__=<class 'psychopy.visual.text.TextStim'>, alignHoriz=method-wrapper(...), alignText='center', alignVert=method-wrapper(...), anchorHoriz='center', anchorVert='center', antialias=True, autoLog=True, bold=False, color=array([1., 1., 1.]), colorSpace='rgb', contrast=1.0, depth=-1.0, flipHoriz=False, flipVert=False, font='Arial', fontFiles=[], height=0.1, italic=False, languageStyle='LTR', name='txt_fix', opacity=1, ori=0, pos=array([0., 0.]), rgb=UNKNOWN, text='+', units='norm', win=Window(...), wrapWidth=1)
12.0812 	EXP 	Created im_trialFace = ImageStim(__class__=<class 'psychopy.visual.image.ImageStim'>, autoLog=True, color=array([1., 1., 1.]), colorSpace='rgb', contrast=1.0, depth=-2.0, flipHoriz=False, flipVert=False, image='sin', interpolate=True, mask=None, maskParams=None, name='im_trialFace', opacity=1, ori=0.0, pos=array([0., 0.]), size=array([0.5, 0.5]), texRes=128, units='norm', win=Window(...))
12.0833 	EXP 	Created im_trialFace_mask = ImageStim(__class__=<class 'psychopy.visual.image.ImageStim'>, autoLog=True, color=array([1., 1., 1.]), colorSpace='rgb', contrast=1.0, depth=-3.0, flipHoriz=False, flipVert=False, image='sin', interpolate=True, mask=None, maskParams=None, name='im_trialFace_mask', opacity=1, ori=0.0, pos=array([0., 0.]), size=array([0.5, 0.5]), texRes=128, units='norm', win=Window(...))
12.0852 	EXP 	Created Im_dot = ImageStim(__class__=<class 'psychopy.visual.image.ImageStim'>, autoLog=True, color=array([1., 1., 1.]), colorSpace='rgb', contrast=1.0, depth=-4.0, flipHoriz=False, flipVert=False, image='sin', interpolate=True, mask=None, maskParams=None, name='Im_dot', opacity=1, ori=0.0, pos=array([0., 0.]), size=array([0.5, 0.5]), texRes=128, units='norm', win=Window(...))
12.0859 	EXP 	Created str_rest = TextStim(__class__=<class 'psychopy.visual.text.TextStim'>, alignHoriz=method-wrapper(...), alignText='center', alignVert=method-wrapper(...), anchorHoriz='center', anchorVert='center', antialias=True, autoLog=True, bold=False, color=array([1., 1., 1.]), colorSpace='rgb', contrast=1.0, depth=-1.0, flipHoriz=False, flipVert=False, font='Courier New', fontFiles=[], height=0.05, italic=False, languageStyle='LTR', name='str_rest', opacity=1, ori=0, pos=array([0., 0.]), rgb=UNKNOWN, text='', units='norm', win=Window(...), wrapWidth=60)
12.0954 	EXP 	Created str_end = TextStim(__class__=<class 'psychopy.visual.text.TextStim'>, alignHoriz=method-wrapper(...), alignText='center', alignVert=method-wrapper(...), anchorHoriz='center', anchorVert='center', antialias=True, autoLog=True, bold=False, color=array([1., 1., 1.]), colorSpace='rgb', contrast=1.0, depth=0.0, flipHoriz=False, flipVert=False, font='Courier New', fontFiles=[], height=0.05, italic=False, languageStyle='LTR', name='str_end', opacity=1, ori=0, pos=array([0., 0.]), rgb=UNKNOWN, text=str(...), units='norm', win=Window(...), wrapWidth=30)
12.1270 	EXP 	txt_checkFiles_start: autoDraw = True
14.1098 	EXP 	txt_checkFiles_start: autoDraw = False
14.1098 	EXP 	txt_checkFiles_end: autoDraw = True
14.7570 	DATA 	Keypress: space
14.7585 	EXP 	txt_checkFiles_end: autoDraw = False
14.7585 	EXP 	txt_resFileClashWarn: text = 'Task: FDOT_140222\n\nParticipant ID: 11\nSession: 1 \n\n\nAVISO: Já existem ficheiros para esta versão da experiência e participante\n\nAll results files have a unique timestamp, but this data will have the same participant and session identifiers as an existing data set.\n\nDo you want to continue with the entered participant & session information? \n\n\n[Researcher: Press Y to CONTINUE, press N to QUIT]'
14.7585 	EXP 	txt_resFileClashWarn: autoDraw = False
14.7585 	EXP 	str_keyInst_pract: text = 'Nesta tarefa, vamos medir a rapidez com que consegue detectar dois pontos. \n\nOs pontos podem aparecer na parte superior ou inferior do ecra, assim ":" ou assim ".." \n\nO seu trabalho e indicar  a orientacao dos pontos, pressionando o botao correspondente. \n\nCada tentativa comecara com uma cruz (+) no meio do ecra Deve focar a sua atencao nessa cruz. \n\nLogo apos a cruz desaparecer, dois rostos aparecerao rapidamente no ecra, um na parte superior e outro na parte\ninferior. \n\nOs pontos aparecerao de seguida. Assim que vir os pontos, deve indicar qual a orientacao deles, pressionando o botao ":"\nou o botao ".." o mais rapido e preciso possivel. Tanto a precisao quanto a rapidez sao importantes. \n\nPor favor, use os seus dedos indicadores e mantenha\nos nos dois botoes de resposta durante toda a tarefa. \n\nConseguira responder mais rapidamente se focar sempre a sua atencao na cruz. \n\nPor favor, informe o investigador se estiver pronto para continuar. \n \n\n[Investigador: Pressione a BARRA DE ESPACO para comecar a verificacao do mapa de teclas]\n'
14.7585 	EXP 	str_keyInst_pract: autoDraw = True
31.9935 	EXP 	Imported stimControl/keyMap.xlsx as conditions, 2 conditions, 3 params
31.9940 	EXP 	Created sequence: sequential, trialTypes=2, nReps=1, seed=None
31.9942 	EXP 	New trial (rep=0, index=0): {'key_disp': 'A', 'resp_disp': '..', 'key_inp': 'a'}
31.9998 	DATA 	Keypress: space
32.0008 	EXP 	str_keyInst_pract: autoDraw = False
32.0008 	EXP 	txt_checkKeyMap: text = 'Pressione A para ..\n\n[Pressione A agora]'
32.0008 	EXP 	txt_checkKeyMap: autoDraw = True
33.1363 	EXP 	New trial (rep=0, index=1): {'key_disp': 'K', 'resp_disp': ':', 'key_inp': 'k'}
33.1461 	DATA 	Keypress: a
33.1475 	EXP 	txt_checkKeyMap: autoDraw = False
33.1475 	EXP 	txt_checkKeyMap: text = 'Pressione K para :\n\n[Pressione K agora]'
33.1475 	EXP 	txt_checkKeyMap: autoDraw = True
33.7563 	DATA 	Keypress: k
33.7626 	EXP 	txt_checkKeyMap: autoDraw = False
33.7626 	EXP 	text_checkKeyMapComplete: autoDraw = True
36.8374 	DATA 	Keypress: k
37.5861 	DATA 	Keypress: k
39.1515 	DATA 	Keypress: escape
39.4379 	EXP 	window1: mouseVisible = True
