6.5987 	WARNING 	User requested fullscreen with size [2560 1440], but screen is actually [1920, 1080]. Using actual size
7.3138 	EXP 	Created window1 = Window(allowGUI=False, allowStencil=False, autoLog=True, backendConf=UNKNOWN, bitsMode=UNKNOWN, blendMode='avg', bpc=(8, 8, 8), color=array([-1, -1, -1]), colorSpace='rgb', depthBits=8, fullscr=<method-wrapper '__getattribute__' of attributeSetter object at 0x0000020755E89518>, gamma=None, gammaErrorPolicy='raise', lms=UNKNOWN, monitor=<psychopy.monitors.calibTools.Monitor object at 0x0000020755EC2CC0>, multiSample=False, name='window1', numSamples=2, pos=[0.0, 0.0], screen=0, size=array([1920, 1080]), stencilBits=0, stereo=False, units='norm', useFBO=True, useRetina=False, viewOri=0.0, viewPos=None, viewScale=None, waitBlanking=True, winType='pyglet')
7.3144 	EXP 	window1: mouseVisible = True
7.3144 	EXP 	window1: recordFrameIntervals = False
7.4792 	EXP 	window1: recordFrameIntervals = True
7.6631 	EXP 	window1: recordFrameIntervals = False
7.8177 	EXP 	Created txt_checkFiles_start = TextStim(__class__=<class 'psychopy.visual.text.TextStim'>, alignHoriz=method-wrapper(...), alignText='center', alignVert=method-wrapper(...), anchorHoriz='center', anchorVert='center', antialias=True, autoLog=True, bold=False, color=array([1., 1., 1.]), colorSpace='rgb', contrast=1.0, depth=-4.0, flipHoriz=False, flipVert=False, font='Courier New', fontFiles=[], height=0.05, italic=False, languageStyle='LTR', name='txt_checkFiles_start', opacity=1, ori=0, pos=array([0., 0.]), rgb=UNKNOWN, text='', units='norm', win=Window(...), wrapWidth=1)
7.8178 	EXP 	window1: mouseVisible = False
7.9028 	EXP 	Created txt_checkFiles_end = TextStim(__class__=<class 'psychopy.visual.text.TextStim'>, alignHoriz=method-wrapper(...), alignText='center', alignVert=method-wrapper(...), anchorHoriz='center', anchorVert='center', antialias=True, autoLog=True, bold=False, color=array([1., 1., 1.]), colorSpace='rgb', contrast=1.0, depth=-1.0, flipHoriz=False, flipVert=False, font='Courier New', fontFiles=[], height=0.05, italic=False, languageStyle='LTR', name='txt_checkFiles_end', opacity=1, ori=0, pos=array([0., 0.]), rgb=UNKNOWN, text=str(...), units='norm', win=Window(...), wrapWidth=1)
7.9036 	EXP 	Created txt_resFileClashWarn = TextStim(__class__=<class 'psychopy.visual.text.TextStim'>, alignHoriz=method-wrapper(...), alignText='center', alignVert=method-wrapper(...), anchorHoriz='center', anchorVert='center', antialias=True, autoLog=True, bold=False, color=array([1., 1., 1.]), colorSpace='rgb', contrast=1.0, depth=-3.0, flipHoriz=False, flipVert=False, font='Courier New', fontFiles=[], height=0.05, italic=False, languageStyle='LTR', name='txt_resFileClashWarn', opacity=1, ori=0, pos=array([0., 0.]), rgb=UNKNOWN, text='', units='norm', win=Window(...), wrapWidth=1)
7.9049 	EXP 	Created str_keyInst_pract = TextStim(__class__=<class 'psychopy.visual.text.TextStim'>, alignHoriz=method-wrapper(...), alignText='center', alignVert=method-wrapper(...), anchorHoriz='center', anchorVert='center', antialias=True, autoLog=True, bold=False, color=array([1., 1., 1.]), colorSpace='rgb', contrast=1.0, depth=-1.0, flipHoriz=False, flipVert=False, font='Courier New', fontFiles=[], height=0.05, italic=False, languageStyle='LTR', name='str_keyInst_pract', opacity=1, ori=0, pos=array([0., 0.]), rgb=UNKNOWN, text='', units='norm', win=Window(...), wrapWidth=60)
7.9056 	EXP 	Created txt_checkKeyMap = TextStim(__class__=<class 'psychopy.visual.text.TextStim'>, alignHoriz=method-wrapper(...), alignText='center', alignVert=method-wrapper(...), anchorHoriz='center', anchorVert='center', antialias=True, autoLog=True, bold=False, color=array([1., 1., 1.]), colorSpace='rgb', contrast=1.0, depth=-1.0, flipHoriz=False, flipVert=False, font='Courier New', fontFiles=[], height=0.05, italic=False, languageStyle='LTR', name='txt_checkKeyMap', opacity=1, ori=0, pos=array([0., 0.]), rgb=UNKNOWN, text='', units='norm', win=Window(...), wrapWidth=1)
7.9174 	EXP 	Created text_checkKeyMapComplete = TextStim(__class__=<class 'psychopy.visual.text.TextStim'>, alignHoriz=method-wrapper(...), alignText='center', alignVert=method-wrapper(...), anchorHoriz='center', anchorVert='center', antialias=True, autoLog=True, bold=False, color=array([1., 1., 1.]), colorSpace='rgb', contrast=1.0, depth=0.0, flipHoriz=False, flipVert=False, font='Courier New', fontFiles=[], height=0.05, italic=False, languageStyle='LTR', name='text_checkKeyMapComplete', opacity=1, ori=0, pos=array([0., 0.]), rgb=UNKNOWN, text=str(...), units='norm', win=Window(...), wrapWidth=1)
7.9217 	EXP 	Created text_getReady = TextStim(__class__=<class 'psychopy.visual.text.TextStim'>, alignHoriz=method-wrapper(...), alignText='center', alignVert=method-wrapper(...), anchorHoriz='center', anchorVert='center', antialias=True, autoLog=True, bold=False, color=array([1., 1., 1.]), colorSpace='rgb', contrast=1.0, depth=-1.0, flipHoriz=False, flipVert=False, font='Courier New', fontFiles=[], height=0.06, italic=False, languageStyle='LTR', name='text_getReady', opacity=1, ori=0, pos=array([0., 0.]), rgb=UNKNOWN, text='Prepare-se.', units='norm', win=Window(...), wrapWidth=1)
7.9250 	EXP 	Created txt_fix = TextStim(__class__=<class 'psychopy.visual.text.TextStim'>, alignHoriz=method-wrapper(...), alignText='center', alignVert=method-wrapper(...), anchorHoriz='center', anchorVert='center', antialias=True, autoLog=True, bold=False, color=array([1., 1., 1.]), colorSpace='rgb', contrast=1.0, depth=-1.0, flipHoriz=False, flipVert=False, font='Arial', fontFiles=[], height=0.1, italic=False, languageStyle='LTR', name='txt_fix', opacity=1, ori=0, pos=array([0., 0.]), rgb=UNKNOWN, text='+', units='norm', win=Window(...), wrapWidth=1)
7.9291 	EXP 	Created im_trialFace = ImageStim(__class__=<class 'psychopy.visual.image.ImageStim'>, autoLog=True, color=array([1., 1., 1.]), colorSpace='rgb', contrast=1.0, depth=-2.0, flipHoriz=False, flipVert=False, image='sin', interpolate=True, mask=None, maskParams=None, name='im_trialFace', opacity=1, ori=0.0, pos=array([0., 0.]), size=array([0.5, 0.5]), texRes=128, units='norm', win=Window(...))
7.9312 	EXP 	Created im_trialFace_mask = ImageStim(__class__=<class 'psychopy.visual.image.ImageStim'>, autoLog=True, color=array([1., 1., 1.]), colorSpace='rgb', contrast=1.0, depth=-3.0, flipHoriz=False, flipVert=False, image='sin', interpolate=True, mask=None, maskParams=None, name='im_trialFace_mask', opacity=1, ori=0.0, pos=array([0., 0.]), size=array([0.5, 0.5]), texRes=128, units='norm', win=Window(...))
7.9332 	EXP 	Created Im_dot = ImageStim(__class__=<class 'psychopy.visual.image.ImageStim'>, autoLog=True, color=array([1., 1., 1.]), colorSpace='rgb', contrast=1.0, depth=-4.0, flipHoriz=False, flipVert=False, image='sin', interpolate=True, mask=None, maskParams=None, name='Im_dot', opacity=1, ori=0.0, pos=array([0., 0.]), size=array([0.5, 0.5]), texRes=128, units='norm', win=Window(...))
7.9339 	EXP 	Created str_rest = TextStim(__class__=<class 'psychopy.visual.text.TextStim'>, alignHoriz=method-wrapper(...), alignText='center', alignVert=method-wrapper(...), anchorHoriz='center', anchorVert='center', antialias=True, autoLog=True, bold=False, color=array([1., 1., 1.]), colorSpace='rgb', contrast=1.0, depth=-1.0, flipHoriz=False, flipVert=False, font='Courier New', fontFiles=[], height=0.05, italic=False, languageStyle='LTR', name='str_rest', opacity=1, ori=0, pos=array([0., 0.]), rgb=UNKNOWN, text='', units='norm', win=Window(...), wrapWidth=60)
7.9441 	EXP 	Created str_end = TextStim(__class__=<class 'psychopy.visual.text.TextStim'>, alignHoriz=method-wrapper(...), alignText='center', alignVert=method-wrapper(...), anchorHoriz='center', anchorVert='center', antialias=True, autoLog=True, bold=False, color=array([1., 1., 1.]), colorSpace='rgb', contrast=1.0, depth=0.0, flipHoriz=False, flipVert=False, font='Courier New', fontFiles=[], height=0.05, italic=False, languageStyle='LTR', name='str_end', opacity=1, ori=0, pos=array([0., 0.]), rgb=UNKNOWN, text=str(...), units='norm', win=Window(...), wrapWidth=30)
7.9759 	EXP 	txt_checkFiles_start: autoDraw = True
9.9603 	EXP 	txt_checkFiles_start: autoDraw = False
9.9603 	EXP 	txt_checkFiles_end: autoDraw = True
10.5940 	DATA 	Keypress: space
10.5959 	EXP 	txt_checkFiles_end: autoDraw = False
10.5959 	EXP 	txt_resFileClashWarn: text = 'Task: FDOT_140222\n\nParticipant ID: 11\nSession: 1 \n\n\nAVISO: Já existem ficheiros para esta versão da experiência e participante\n\nAll results files have a unique timestamp, but this data will have the same participant and session identifiers as an existing data set.\n\nDo you want to continue with the entered participant & session information? \n\n\n[Researcher: Press Y to CONTINUE, press N to QUIT]'
10.5959 	EXP 	txt_resFileClashWarn: autoDraw = False
10.5959 	EXP 	str_keyInst_pract: text = 'Nesta tarefa, vamos medir a rapidez com que consegue detectar dois pontos. \n\nOs pontos podem aparecer na parte superior ou inferior do ecra, assim ":" ou assim ".." \n\nO seu trabalho e indicar  a orientacao dos pontos, pressionando o botao correspondente. \n\nCada tentativa comecara com uma cruz (+) no meio do ecra Deve focar a sua atencao nessa cruz. \n\nLogo apos a cruz desaparecer, dois rostos aparecerao rapidamente no ecra, um na parte superior e\noutro na parte inferior. \n\nOs pontos aparecerao de seguida. Assim que vir os pontos, deve indicar qual a orientacao deles,\npressionando o botao ":" ou o botao ".." o mais rapido e preciso possivel. Tanto a precisao quanto a\nrapidez sao importantes. \n\nPor favor, use os seus dedos indicadores e mantenha\nos nos dois botoes de resposta durante toda a\ntarefa. \n\nConseguira responder mais rapidamente se focar sempre a sua atencao na cruz. \n\nPor favor, informe o investigador se estiver pronto para continuar. \n \n\n[Investigador: Pressione a BARRA DE ESPACO para comecar a verificacao do mapa de teclas]\n'
10.5959 	EXP 	str_keyInst_pract: autoDraw = True
12.9528 	DATA 	Keypress: space
12.9754 	EXP 	Imported stimControl/keyMap.xlsx as conditions, 2 conditions, 3 params
12.9758 	EXP 	Created sequence: sequential, trialTypes=2, nReps=1, seed=None
12.9761 	EXP 	New trial (rep=0, index=0): {'key_disp': 'A', 'resp_disp': '..', 'key_inp': 'a'}
12.9841 	EXP 	str_keyInst_pract: autoDraw = False
12.9841 	EXP 	txt_checkKeyMap: text = 'Pressione A para ..\n\n[Pressione A agora]'
12.9841 	EXP 	txt_checkKeyMap: autoDraw = True
14.2691 	DATA 	Keypress: a
14.2852 	EXP 	New trial (rep=0, index=1): {'key_disp': 'K', 'resp_disp': ':', 'key_inp': 'k'}
14.2970 	EXP 	txt_checkKeyMap: autoDraw = False
14.2970 	EXP 	txt_checkKeyMap: text = 'Pressione K para :\n\n[Pressione K agora]'
14.2970 	EXP 	txt_checkKeyMap: autoDraw = True
14.9723 	DATA 	Keypress: k
14.9788 	EXP 	txt_checkKeyMap: autoDraw = False
14.9788 	EXP 	text_checkKeyMapComplete: autoDraw = True
20.0829 	DATA 	Keypress: escape
20.3486 	EXP 	window1: mouseVisible = True
