8.0198 	WARNING 	User requested fullscreen with size [2560 1440], but screen is actually [1920, 1080]. Using actual size
8.7807 	EXP 	Created window1 = Window(allowGUI=False, allowStencil=False, autoLog=True, backendConf=UNKNOWN, bitsMode=UNKNOWN, blendMode='avg', bpc=(8, 8, 8), color=array([-1, -1, -1]), colorSpace='rgb', depthBits=8, fullscr=<method-wrapper '__getattribute__' of attributeSetter object at 0x0000026508CE9518>, gamma=None, gammaErrorPolicy='raise', lms=UNKNOWN, monitor=<psychopy.monitors.calibTools.Monitor object at 0x0000026508D22CF8>, multiSample=False, name='window1', numSamples=2, pos=[0.0, 0.0], screen=0, size=array([1920, 1080]), stencilBits=0, stereo=False, units='norm', useFBO=True, useRetina=False, viewOri=0.0, viewPos=None, viewScale=None, waitBlanking=True, winType='pyglet')
8.7817 	EXP 	window1: mouseVisible = True
8.7817 	EXP 	window1: recordFrameIntervals = False
8.9466 	EXP 	window1: recordFrameIntervals = True
9.1307 	EXP 	window1: recordFrameIntervals = False
9.2850 	EXP 	Created txt_checkFiles_start = TextStim(__class__=<class 'psychopy.visual.text.TextStim'>, alignHoriz=method-wrapper(...), alignText='center', alignVert=method-wrapper(...), anchorHoriz='center', anchorVert='center', antialias=True, autoLog=True, bold=False, color=array([1., 1., 1.]), colorSpace='rgb', contrast=1.0, depth=-4.0, flipHoriz=False, flipVert=False, font='Courier New', fontFiles=[], height=0.05, italic=False, languageStyle='LTR', name='txt_checkFiles_start', opacity=1, ori=0, pos=array([0., 0.]), rgb=UNKNOWN, text='', units='norm', win=Window(...), wrapWidth=1)
9.2851 	EXP 	window1: mouseVisible = False
9.3723 	EXP 	Created txt_checkFiles_end = TextStim(__class__=<class 'psychopy.visual.text.TextStim'>, alignHoriz=method-wrapper(...), alignText='center', alignVert=method-wrapper(...), anchorHoriz='center', anchorVert='center', antialias=True, autoLog=True, bold=False, color=array([1., 1., 1.]), colorSpace='rgb', contrast=1.0, depth=-1.0, flipHoriz=False, flipVert=False, font='Courier New', fontFiles=[], height=0.05, italic=False, languageStyle='LTR', name='txt_checkFiles_end', opacity=1, ori=0, pos=array([0., 0.]), rgb=UNKNOWN, text=str(...), units='norm', win=Window(...), wrapWidth=1)
9.3730 	EXP 	Created txt_resFileClashWarn = TextStim(__class__=<class 'psychopy.visual.text.TextStim'>, alignHoriz=method-wrapper(...), alignText='center', alignVert=method-wrapper(...), anchorHoriz='center', anchorVert='center', antialias=True, autoLog=True, bold=False, color=array([1., 1., 1.]), colorSpace='rgb', contrast=1.0, depth=-3.0, flipHoriz=False, flipVert=False, font='Courier New', fontFiles=[], height=0.05, italic=False, languageStyle='LTR', name='txt_resFileClashWarn', opacity=1, ori=0, pos=array([0., 0.]), rgb=UNKNOWN, text='', units='norm', win=Window(...), wrapWidth=1)
9.3743 	EXP 	Created str_keyInst_pract = TextStim(__class__=<class 'psychopy.visual.text.TextStim'>, alignHoriz=method-wrapper(...), alignText='center', alignVert=method-wrapper(...), anchorHoriz='center', anchorVert='center', antialias=True, autoLog=True, bold=False, color=array([1., 1., 1.]), colorSpace='rgb', contrast=1.0, depth=-1.0, flipHoriz=False, flipVert=False, font='Courier New', fontFiles=[], height=0.05, italic=False, languageStyle='LTR', name='str_keyInst_pract', opacity=1, ori=0, pos=array([0., 0.]), rgb=UNKNOWN, text='', units='norm', win=Window(...), wrapWidth=60)
9.3750 	EXP 	Created txt_checkKeyMap = TextStim(__class__=<class 'psychopy.visual.text.TextStim'>, alignHoriz=method-wrapper(...), alignText='center', alignVert=method-wrapper(...), anchorHoriz='center', anchorVert='center', antialias=True, autoLog=True, bold=False, color=array([1., 1., 1.]), colorSpace='rgb', contrast=1.0, depth=-1.0, flipHoriz=False, flipVert=False, font='Courier New', fontFiles=[], height=0.05, italic=False, languageStyle='LTR', name='txt_checkKeyMap', opacity=1, ori=0, pos=array([0., 0.]), rgb=UNKNOWN, text='', units='norm', win=Window(...), wrapWidth=1)
9.3878 	EXP 	Created text_checkKeyMapComplete = TextStim(__class__=<class 'psychopy.visual.text.TextStim'>, alignHoriz=method-wrapper(...), alignText='center', alignVert=method-wrapper(...), anchorHoriz='center', anchorVert='center', antialias=True, autoLog=True, bold=False, color=array([1., 1., 1.]), colorSpace='rgb', contrast=1.0, depth=0.0, flipHoriz=False, flipVert=False, font='Courier New', fontFiles=[], height=0.05, italic=False, languageStyle='LTR', name='text_checkKeyMapComplete', opacity=1, ori=0, pos=array([0., 0.]), rgb=UNKNOWN, text=str(...), units='norm', win=Window(...), wrapWidth=1)
9.3922 	EXP 	Created text_getReady = TextStim(__class__=<class 'psychopy.visual.text.TextStim'>, alignHoriz=method-wrapper(...), alignText='center', alignVert=method-wrapper(...), anchorHoriz='center', anchorVert='center', antialias=True, autoLog=True, bold=False, color=array([1., 1., 1.]), colorSpace='rgb', contrast=1.0, depth=-1.0, flipHoriz=False, flipVert=False, font='Courier New', fontFiles=[], height=0.06, italic=False, languageStyle='LTR', name='text_getReady', opacity=1, ori=0, pos=array([0., 0.]), rgb=UNKNOWN, text='Prepare-se.', units='norm', win=Window(...), wrapWidth=1)
9.3960 	EXP 	Created txt_fix = TextStim(__class__=<class 'psychopy.visual.text.TextStim'>, alignHoriz=method-wrapper(...), alignText='center', alignVert=method-wrapper(...), anchorHoriz='center', anchorVert='center', antialias=True, autoLog=True, bold=False, color=array([1., 1., 1.]), colorSpace='rgb', contrast=1.0, depth=-1.0, flipHoriz=False, flipVert=False, font='Arial', fontFiles=[], height=0.1, italic=False, languageStyle='LTR', name='txt_fix', opacity=1, ori=0, pos=array([0., 0.]), rgb=UNKNOWN, text='+', units='norm', win=Window(...), wrapWidth=1)
9.3998 	EXP 	Created im_trialFace = ImageStim(__class__=<class 'psychopy.visual.image.ImageStim'>, autoLog=True, color=array([1., 1., 1.]), colorSpace='rgb', contrast=1.0, depth=-2.0, flipHoriz=False, flipVert=False, image='sin', interpolate=True, mask=None, maskParams=None, name='im_trialFace', opacity=1, ori=0.0, pos=array([0., 0.]), size=array([0.5, 0.5]), texRes=128, units='norm', win=Window(...))
9.4021 	EXP 	Created im_trialFace_mask = ImageStim(__class__=<class 'psychopy.visual.image.ImageStim'>, autoLog=True, color=array([1., 1., 1.]), colorSpace='rgb', contrast=1.0, depth=-3.0, flipHoriz=False, flipVert=False, image='sin', interpolate=True, mask=None, maskParams=None, name='im_trialFace_mask', opacity=1, ori=0.0, pos=array([0., 0.]), size=array([0.5, 0.5]), texRes=128, units='norm', win=Window(...))
9.4042 	EXP 	Created Im_dot = ImageStim(__class__=<class 'psychopy.visual.image.ImageStim'>, autoLog=True, color=array([1., 1., 1.]), colorSpace='rgb', contrast=1.0, depth=-4.0, flipHoriz=False, flipVert=False, image='sin', interpolate=True, mask=None, maskParams=None, name='Im_dot', opacity=1, ori=0.0, pos=array([0., 0.]), size=array([0.5, 0.5]), texRes=128, units='norm', win=Window(...))
9.4050 	EXP 	Created str_rest = TextStim(__class__=<class 'psychopy.visual.text.TextStim'>, alignHoriz=method-wrapper(...), alignText='center', alignVert=method-wrapper(...), anchorHoriz='center', anchorVert='center', antialias=True, autoLog=True, bold=False, color=array([1., 1., 1.]), colorSpace='rgb', contrast=1.0, depth=-1.0, flipHoriz=False, flipVert=False, font='Courier New', fontFiles=[], height=0.05, italic=False, languageStyle='LTR', name='str_rest', opacity=1, ori=0, pos=array([0., 0.]), rgb=UNKNOWN, text='', units='norm', win=Window(...), wrapWidth=60)
9.4148 	EXP 	Created str_end = TextStim(__class__=<class 'psychopy.visual.text.TextStim'>, alignHoriz=method-wrapper(...), alignText='center', alignVert=method-wrapper(...), anchorHoriz='center', anchorVert='center', antialias=True, autoLog=True, bold=False, color=array([1., 1., 1.]), colorSpace='rgb', contrast=1.0, depth=0.0, flipHoriz=False, flipVert=False, font='Courier New', fontFiles=[], height=0.05, italic=False, languageStyle='LTR', name='str_end', opacity=1, ori=0, pos=array([0., 0.]), rgb=UNKNOWN, text=str(...), units='norm', win=Window(...), wrapWidth=30)
9.4474 	EXP 	txt_checkFiles_start: autoDraw = True
11.4434 	EXP 	txt_checkFiles_start: autoDraw = False
11.4434 	EXP 	txt_checkFiles_end: autoDraw = True
12.3921 	DATA 	Keypress: space
12.3938 	EXP 	txt_checkFiles_end: autoDraw = False
12.3938 	EXP 	txt_resFileClashWarn: text = 'Task: FDOT_140222\n\nParticipant ID: 11\nSession: 1 \n\n\nAVISO: Já existem ficheiros para esta versão da experiência e participante\n\nAll results files have a unique timestamp, but this data will have the same participant and session identifiers as an existing data set.\n\nDo you want to continue with the entered participant & session information? \n\n\n[Researcher: Press Y to CONTINUE, press N to QUIT]'
12.3938 	EXP 	txt_resFileClashWarn: autoDraw = False
12.3938 	EXP 	str_keyInst_pract: text = 'Nesta tarefa, vamos medir a rapidez com que consegue detectar dois pontos. \n\nOs pontos podem aparecer na parte superior ou inferior do ecra, assim ":" ou assim ".." \n\nO seu trabalho e indicar  a orientacao dos pontos, pressionando o botao correspondente. \n\nCada tentativa comecara com uma cruz (+) no meio do ecra Deve focar a sua atencao nessa cruz. \n\nLogo apos a cruz desaparecer, dois rostos aparecerao rapidamente no ecra, um na parte superior e\noutro na parte inferior. \n\nOs pontos aparecerao de seguida. Assim que vir os pontos, deve indicar qual a orientacao deles,\npressionando o botao ":" ou o botao ".." o mais rapido e preciso possivel. Tanto a precisao quanto a\nrapidez sao importantes. \n\nPor favor, use os seus dedos indicadores e mantenha\nos nos dois botoes de resposta durante toda a\ntarefa. \n\nConseguira responder mais rapidamente se focar sempre a sua atencao na cruz. \n\nPor favor, informe o investigador se estiver pronto para continuar. \n \n\n[Investigador: Pressione a BARRA DE ESPACO para comecar a verificacao do mapa de teclas]\n'
12.3938 	EXP 	str_keyInst_pract: autoDraw = True
16.3937 	EXP 	Imported stimControl/keyMap.xlsx as conditions, 2 conditions, 3 params
16.3941 	EXP 	Created sequence: sequential, trialTypes=2, nReps=1, seed=None
16.3944 	EXP 	New trial (rep=0, index=0): {'key_disp': 'A', 'resp_disp': '..', 'key_inp': 'a'}
16.3987 	DATA 	Keypress: space
16.4003 	EXP 	str_keyInst_pract: autoDraw = False
16.4003 	EXP 	txt_checkKeyMap: text = 'Pressione A para ..\n\n[Pressione A agora]'
16.4003 	EXP 	txt_checkKeyMap: autoDraw = True
18.1714 	DATA 	Keypress: a
18.1860 	EXP 	New trial (rep=0, index=1): {'key_disp': 'K', 'resp_disp': ':', 'key_inp': 'k'}
18.1981 	EXP 	txt_checkKeyMap: autoDraw = False
18.1981 	EXP 	txt_checkKeyMap: text = 'Pressione K para :\n\n[Pressione K agora]'
18.1981 	EXP 	txt_checkKeyMap: autoDraw = True
19.0909 	DATA 	Keypress: k
19.0961 	EXP 	txt_checkKeyMap: autoDraw = False
19.0961 	EXP 	text_checkKeyMapComplete: autoDraw = True
25.9529 	DATA 	Keypress: escape
26.2177 	EXP 	window1: mouseVisible = True
