12.7966 	WARNING 	User requested fullscreen with size [2560 1440], but screen is actually [1920, 1080]. Using actual size
13.5699 	EXP 	Created window1 = Window(allowGUI=False, allowStencil=False, autoLog=True, backendConf=UNKNOWN, bitsMode=UNKNOWN, blendMode='avg', bpc=(8, 8, 8), color=array([-1, -1, -1]), colorSpace='rgb', depthBits=8, fullscr=<method-wrapper '__getattribute__' of attributeSetter object at 0x000001CB65ECF7B8>, gamma=None, gammaErrorPolicy='raise', lms=UNKNOWN, monitor=<psychopy.monitors.calibTools.Monitor object at 0x000001CB65F08F98>, multiSample=False, name='window1', numSamples=2, pos=[0.0, 0.0], screen=0, size=array([1920, 1080]), stencilBits=0, stereo=False, units='norm', useFBO=True, useRetina=False, viewOri=0.0, viewPos=None, viewScale=None, waitBlanking=True, winType='pyglet')
13.5703 	EXP 	window1: mouseVisible = True
13.5704 	EXP 	window1: recordFrameIntervals = False
13.7358 	EXP 	window1: recordFrameIntervals = True
13.9192 	EXP 	window1: recordFrameIntervals = False
14.0891 	EXP 	Created txt_checkFiles_start = TextStim(__class__=<class 'psychopy.visual.text.TextStim'>, alignHoriz=method-wrapper(...), alignText='center', alignVert=method-wrapper(...), anchorHoriz='center', anchorVert='center', antialias=True, autoLog=True, bold=False, color=array([1., 1., 1.]), colorSpace='rgb', contrast=1.0, depth=-4.0, flipHoriz=False, flipVert=False, font='Courier New', fontFiles=[], height=0.05, italic=False, languageStyle='LTR', name='txt_checkFiles_start', opacity=1, ori=0, pos=array([0., 0.]), rgb=UNKNOWN, text='', units='norm', win=Window(...), wrapWidth=1)
14.0893 	EXP 	window1: mouseVisible = False
14.1987 	EXP 	Created txt_checkFiles_end = TextStim(__class__=<class 'psychopy.visual.text.TextStim'>, alignHoriz=method-wrapper(...), alignText='center', alignVert=method-wrapper(...), anchorHoriz='center', anchorVert='center', antialias=True, autoLog=True, bold=False, color=array([1., 1., 1.]), colorSpace='rgb', contrast=1.0, depth=-1.0, flipHoriz=False, flipVert=False, font='Courier New', fontFiles=[], height=0.05, italic=False, languageStyle='LTR', name='txt_checkFiles_end', opacity=1, ori=0, pos=array([0., 0.]), rgb=UNKNOWN, text=str(...), units='norm', win=Window(...), wrapWidth=1)
14.1998 	EXP 	Created txt_resFileClashWarn = TextStim(__class__=<class 'psychopy.visual.text.TextStim'>, alignHoriz=method-wrapper(...), alignText='center', alignVert=method-wrapper(...), anchorHoriz='center', anchorVert='center', antialias=True, autoLog=True, bold=False, color=array([1., 1., 1.]), colorSpace='rgb', contrast=1.0, depth=-3.0, flipHoriz=False, flipVert=False, font='Courier New', fontFiles=[], height=0.05, italic=False, languageStyle='LTR', name='txt_resFileClashWarn', opacity=1, ori=0, pos=array([0., 0.]), rgb=UNKNOWN, text='', units='norm', win=Window(...), wrapWidth=1)
14.2087 	EXP 	Created str_keyInst_pract = TextStim(__class__=<class 'psychopy.visual.text.TextStim'>, alignHoriz=method-wrapper(...), alignText='center', alignVert=method-wrapper(...), anchorHoriz='center', anchorVert='center', antialias=True, autoLog=True, bold=False, color=array([1., 1., 1.]), colorSpace='rgb', contrast=1.0, depth=-1.0, flipHoriz=False, flipVert=False, font='Courier New', fontFiles=[], height=0.05, italic=False, languageStyle='LTR', name='str_keyInst_pract', opacity=1, ori=0, pos=array([0., 0.]), rgb=UNKNOWN, text='', units='norm', win=Window(...), wrapWidth=60)
14.2097 	EXP 	Created txt_checkKeyMap = TextStim(__class__=<class 'psychopy.visual.text.TextStim'>, alignHoriz=method-wrapper(...), alignText='center', alignVert=method-wrapper(...), anchorHoriz='center', anchorVert='center', antialias=True, autoLog=True, bold=False, color=array([1., 1., 1.]), colorSpace='rgb', contrast=1.0, depth=-1.0, flipHoriz=False, flipVert=False, font='Courier New', fontFiles=[], height=0.05, italic=False, languageStyle='LTR', name='txt_checkKeyMap', opacity=1, ori=0, pos=array([0., 0.]), rgb=UNKNOWN, text='', units='norm', win=Window(...), wrapWidth=1)
14.2259 	EXP 	Created text_checkKeyMapComplete = TextStim(__class__=<class 'psychopy.visual.text.TextStim'>, alignHoriz=method-wrapper(...), alignText='center', alignVert=method-wrapper(...), anchorHoriz='center', anchorVert='center', antialias=True, autoLog=True, bold=False, color=array([1., 1., 1.]), colorSpace='rgb', contrast=1.0, depth=0.0, flipHoriz=False, flipVert=False, font='Courier New', fontFiles=[], height=0.05, italic=False, languageStyle='LTR', name='text_checkKeyMapComplete', opacity=1, ori=0, pos=array([0., 0.]), rgb=UNKNOWN, text=str(...), units='norm', win=Window(...), wrapWidth=1)
14.2319 	EXP 	Created text_getReady = TextStim(__class__=<class 'psychopy.visual.text.TextStim'>, alignHoriz=method-wrapper(...), alignText='center', alignVert=method-wrapper(...), anchorHoriz='center', anchorVert='center', antialias=True, autoLog=True, bold=False, color=array([1., 1., 1.]), colorSpace='rgb', contrast=1.0, depth=-1.0, flipHoriz=False, flipVert=False, font='Courier New', fontFiles=[], height=0.06, italic=False, languageStyle='LTR', name='text_getReady', opacity=1, ori=0, pos=array([0., 0.]), rgb=UNKNOWN, text='Prepare-se.', units='norm', win=Window(...), wrapWidth=1)
14.2374 	EXP 	Created txt_fix = TextStim(__class__=<class 'psychopy.visual.text.TextStim'>, alignHoriz=method-wrapper(...), alignText='center', alignVert=method-wrapper(...), anchorHoriz='center', anchorVert='center', antialias=True, autoLog=True, bold=False, color=array([1., 1., 1.]), colorSpace='rgb', contrast=1.0, depth=-1.0, flipHoriz=False, flipVert=False, font='Arial', fontFiles=[], height=0.1, italic=False, languageStyle='LTR', name='txt_fix', opacity=1, ori=0, pos=array([0., 0.]), rgb=UNKNOWN, text='+', units='norm', win=Window(...), wrapWidth=1)
14.2574 	EXP 	Created im_trialFace = ImageStim(__class__=<class 'psychopy.visual.image.ImageStim'>, autoLog=True, color=array([1., 1., 1.]), colorSpace='rgb', contrast=1.0, depth=-2.0, flipHoriz=False, flipVert=False, image='sin', interpolate=True, mask=None, maskParams=None, name='im_trialFace', opacity=1, ori=0.0, pos=array([0., 0.]), size=array([0.5, 0.5]), texRes=128, units='norm', win=Window(...))
14.2598 	EXP 	Created im_trialFace_mask = ImageStim(__class__=<class 'psychopy.visual.image.ImageStim'>, autoLog=True, color=array([1., 1., 1.]), colorSpace='rgb', contrast=1.0, depth=-3.0, flipHoriz=False, flipVert=False, image='sin', interpolate=True, mask=None, maskParams=None, name='im_trialFace_mask', opacity=1, ori=0.0, pos=array([0., 0.]), size=array([0.5, 0.5]), texRes=128, units='norm', win=Window(...))
14.2636 	EXP 	Created Im_dot = ImageStim(__class__=<class 'psychopy.visual.image.ImageStim'>, autoLog=True, color=array([1., 1., 1.]), colorSpace='rgb', contrast=1.0, depth=-4.0, flipHoriz=False, flipVert=False, image='sin', interpolate=True, mask=None, maskParams=None, name='Im_dot', opacity=1, ori=0.0, pos=array([0., 0.]), size=array([0.5, 0.5]), texRes=128, units='norm', win=Window(...))
14.2646 	EXP 	Created str_rest = TextStim(__class__=<class 'psychopy.visual.text.TextStim'>, alignHoriz=method-wrapper(...), alignText='center', alignVert=method-wrapper(...), anchorHoriz='center', anchorVert='center', antialias=True, autoLog=True, bold=False, color=array([1., 1., 1.]), colorSpace='rgb', contrast=1.0, depth=-1.0, flipHoriz=False, flipVert=False, font='Courier New', fontFiles=[], height=0.05, italic=False, languageStyle='LTR', name='str_rest', opacity=1, ori=0, pos=array([0., 0.]), rgb=UNKNOWN, text='', units='norm', win=Window(...), wrapWidth=60)
14.2799 	EXP 	Created str_end = TextStim(__class__=<class 'psychopy.visual.text.TextStim'>, alignHoriz=method-wrapper(...), alignText='center', alignVert=method-wrapper(...), anchorHoriz='center', anchorVert='center', antialias=True, autoLog=True, bold=False, color=array([1., 1., 1.]), colorSpace='rgb', contrast=1.0, depth=0.0, flipHoriz=False, flipVert=False, font='Courier New', fontFiles=[], height=0.05, italic=False, languageStyle='LTR', name='str_end', opacity=1, ori=0, pos=array([0., 0.]), rgb=UNKNOWN, text=str(...), units='norm', win=Window(...), wrapWidth=30)
14.3149 	EXP 	txt_checkFiles_start: autoDraw = True
16.3105 	EXP 	txt_checkFiles_start: autoDraw = False
16.3105 	EXP 	txt_checkFiles_end: autoDraw = True
32.7592 	DATA 	Keypress: space
32.8542 	EXP 	txt_checkFiles_end: autoDraw = False
32.8542 	EXP 	txt_resFileClashWarn: text = 'Task: FDOT_140222\n\nParticipant ID: 1\nSession: 1 \n\n\nAVISO: Já existem ficheiros para esta versão da experiência e participante\n\nAll results files have a unique timestamp, but this data will have the same participant and session identifiers as an existing data set.\n\nDo you want to continue with the entered participant & session information? \n\n\n[Researcher: Press Y to CONTINUE, press N to QUIT]'
32.8542 	EXP 	txt_resFileClashWarn: autoDraw = False
32.8542 	EXP 	str_keyInst_pract: text = 'Nesta tarefa, vamos medir a rapidez com que consegue detectar dois pontos. \n\nOs pontos podem aparecer na parte superior ou inferior do ecra, assim ":" ou assim ".." \n\nO seu trabalho e indicar  a orientacao dos pontos, pressionando o botao correspondente. \n\nCada tentativa comecara com uma cruz (+) no meio do ecra Deve focar a sua atencao nessa cruz. \n\nLogo apos a cruz desaparecer, dois rostos aparecerao rapidamente no ecra, um na parte superior e outro na\nparte inferior. \n\nOs pontos aparecerao de seguida. Assim que vir os pontos, deve indicar qual a orientacao deles,\npressionando o botao ":" ou o botao ".." o mais rapido e preciso possivel. Tanto a precisao quanto a\nrapidez sao importantes. \n\nPor favor, use os seus dedos indicadores e mantenha\nos nos dois botoes de resposta durante toda a tarefa.\n\n\nConseguira responder mais rapidamente se focar sempre a sua atencao na cruz. \n\nPor favor, informe o investigador se estiver pronto para continuar. \n \n\n[Investigador: Pressione a BARRA DE ESPACO para comecar a verificacao do mapa de teclas]\n'
32.8542 	EXP 	str_keyInst_pract: autoDraw = True
221.6272 	EXP 	Imported stimControl/keyMap.xlsx as conditions, 2 conditions, 3 params
221.6277 	EXP 	Created sequence: sequential, trialTypes=2, nReps=1, seed=None
221.6279 	EXP 	New trial (rep=0, index=0): {'key_disp': 'A', 'resp_disp': '..', 'key_inp': 'a'}
221.6337 	DATA 	Keypress: space
221.6352 	EXP 	str_keyInst_pract: autoDraw = False
221.6352 	EXP 	txt_checkKeyMap: text = 'Pressione A para ..\n\n[Pressione A agora]'
221.6352 	EXP 	txt_checkKeyMap: autoDraw = True
227.6561 	EXP 	New trial (rep=0, index=1): {'key_disp': 'K', 'resp_disp': ':', 'key_inp': 'k'}
227.6687 	DATA 	Keypress: a
227.6703 	EXP 	txt_checkKeyMap: autoDraw = False
227.6703 	EXP 	txt_checkKeyMap: text = 'Pressione K para :\n\n[Pressione K agora]'
227.6703 	EXP 	txt_checkKeyMap: autoDraw = True
231.6778 	DATA 	Keypress: k
231.6827 	EXP 	txt_checkKeyMap: autoDraw = False
231.6827 	EXP 	text_checkKeyMapComplete: autoDraw = True
255.3238 	DATA 	Keypress: left
256.3895 	DATA 	Keypress: up
274.2088 	EXP 	Imported stimControl\chooseTrialOrderFile_ver-1.xlsx as conditions, 9 conditions, 1 params
274.2092 	EXP 	Created sequence: sequential, trialTypes=9, nReps=1, seed=None
274.2093 	EXP 	New trial (rep=0, index=0): {'trialOrderFile': 'stimControl/trialOrder_ver-1_block-pract.xlsx'}
274.2120 	DATA 	Keypress: space
274.2135 	EXP 	text_checkKeyMapComplete: autoDraw = False
274.2135 	EXP 	text_getReady: autoDraw = True
276.2231 	EXP 	Imported stimControl/trialOrder_ver-1_block-pract.xlsx as conditions, 4 conditions, 11 params
276.2234 	EXP 	Created sequence: sequential, trialTypes=4, nReps=1, seed=None
276.2237 	EXP 	New trial (rep=0, index=0): {'im_stimNo': 1, 'im_face_name_top': 'hapHF', 'im_face_name_bottom': 'neutHF', 'im_face_path': 'ImagesToUse/HN6.bmp', 'im_face_mask_path': 'ImagesToUse/HN6.bmp', 'im_dot_path': 'ImagesToUse/UPB.bmp', 'im_emo_top': 'happy', 'im_emo_bottom': 'neutral', 'im_dot_direc': 'vert', 'im_dot_loc': 'bottom', 'key_correct': 'k'}
276.2523 	EXP 	text_getReady: autoDraw = False
276.2523 	EXP 	im_trialFace: size = array([0.43229167, 1.        ])
276.2523 	EXP 	im_trialFace: image = 'ImagesToUse/HN6.bmp'
276.2523 	EXP 	im_trialFace_mask: size = array([0.43229167, 1.        ])
276.2523 	EXP 	im_trialFace_mask: image = 'ImagesToUse/HN6.bmp'
276.2523 	EXP 	Im_dot: size = array([0.43229167, 1.        ])
276.2523 	EXP 	Im_dot: image = 'ImagesToUse/UPB.bmp'
276.2523 	EXP 	txt_fix: autoDraw = True
277.2742 	EXP 	im_trialFace: autoDraw = True
277.2821 	EXP 	txt_fix: autoDraw = False
277.2821 	EXP 	im_trialFace: autoDraw = False
277.2821 	EXP 	im_trialFace_mask: autoDraw = True
277.3496 	EXP 	Im_dot: autoDraw = True
277.3660 	EXP 	im_trialFace_mask: autoDraw = False
279.4733 	EXP 	New trial (rep=0, index=1): {'im_stimNo': 2, 'im_face_name_top': 'neutLK', 'im_face_name_bottom': 'hapLK', 'im_face_path': 'ImagesToUse/NH8.bmp', 'im_face_mask_path': 'ImagesToUse/NH8.bmp', 'im_dot_path': 'ImagesToUse/DOWNT.bmp', 'im_emo_top': 'neutral', 'im_emo_bottom': 'happy', 'im_dot_direc': 'horz', 'im_dot_loc': 'top', 'key_correct': 'a'}
279.4999 	DATA 	Keypress: k
279.5016 	EXP 	txt_fix: autoDraw = False
279.5016 	EXP 	im_trialFace: autoDraw = False
279.5016 	EXP 	im_trialFace_mask: autoDraw = False
279.5016 	EXP 	Im_dot: autoDraw = False
279.5016 	EXP 	im_trialFace: size = array([0.43229167, 1.        ])
279.5016 	EXP 	im_trialFace: image = 'ImagesToUse/NH8.bmp'
279.5016 	EXP 	im_trialFace_mask: size = array([0.43229167, 1.        ])
279.5016 	EXP 	im_trialFace_mask: image = 'ImagesToUse/NH8.bmp'
279.5016 	EXP 	Im_dot: size = array([0.43229167, 1.        ])
279.5016 	EXP 	Im_dot: image = 'ImagesToUse/DOWNT.bmp'
279.5016 	EXP 	txt_fix: autoDraw = True
280.4995 	EXP 	im_trialFace: autoDraw = True
280.5160 	EXP 	txt_fix: autoDraw = False
280.5160 	EXP 	im_trialFace: autoDraw = False
280.5160 	EXP 	im_trialFace_mask: autoDraw = True
280.5995 	EXP 	im_trialFace_mask: autoDraw = False
280.5995 	EXP 	Im_dot: autoDraw = True
281.5572 	EXP 	New trial (rep=0, index=2): {'im_stimNo': 3, 'im_face_name_top': 'fearAM', 'im_face_name_bottom': 'neutAM', 'im_face_path': 'ImagesToUse/FN7.bmp', 'im_face_mask_path': 'ImagesToUse/jumbledmask1.bmp', 'im_dot_path': 'ImagesToUse/DOWNT.bmp', 'im_emo_top': 'fear', 'im_emo_bottom': 'neutral', 'im_dot_direc': 'horz', 'im_dot_loc': 'top', 'key_correct': 'a'}
281.5838 	DATA 	Keypress: k
281.5855 	EXP 	txt_fix: autoDraw = False
281.5855 	EXP 	im_trialFace: autoDraw = False
281.5855 	EXP 	im_trialFace_mask: autoDraw = False
281.5855 	EXP 	Im_dot: autoDraw = False
281.5855 	EXP 	im_trialFace: size = array([0.43229167, 1.        ])
281.5855 	EXP 	im_trialFace: image = 'ImagesToUse/FN7.bmp'
281.5855 	EXP 	im_trialFace_mask: size = array([0.43229167, 1.        ])
281.5855 	EXP 	im_trialFace_mask: image = 'ImagesToUse/jumbledmask1.bmp'
281.5855 	EXP 	Im_dot: size = array([0.43229167, 1.        ])
281.5855 	EXP 	Im_dot: image = 'ImagesToUse/DOWNT.bmp'
281.5855 	EXP 	txt_fix: autoDraw = True
282.5824 	EXP 	im_trialFace: autoDraw = True
282.5994 	EXP 	txt_fix: autoDraw = False
282.5994 	EXP 	im_trialFace: autoDraw = False
282.5994 	EXP 	im_trialFace_mask: autoDraw = True
282.6827 	EXP 	Im_dot: autoDraw = True
282.6992 	EXP 	im_trialFace_mask: autoDraw = False
283.5059 	EXP 	New trial (rep=0, index=3): {'im_stimNo': 4, 'im_face_name_top': 'neutLK', 'im_face_name_bottom': 'neutLK', 'im_face_path': 'ImagesToUse/NN8.bmp', 'im_face_mask_path': 'ImagesToUse/jumbledmask1.bmp', 'im_dot_path': 'ImagesToUse/DOWNB.bmp', 'im_emo_top': 'neutral', 'im_emo_bottom': 'neutral', 'im_dot_direc': 'horz', 'im_dot_loc': 'bottom', 'key_correct': 'a'}
283.5320 	DATA 	Keypress: a
283.5337 	EXP 	txt_fix: autoDraw = False
283.5337 	EXP 	im_trialFace: autoDraw = False
283.5337 	EXP 	im_trialFace_mask: autoDraw = False
283.5337 	EXP 	Im_dot: autoDraw = False
283.5337 	EXP 	im_trialFace: size = array([0.43229167, 1.        ])
283.5337 	EXP 	im_trialFace: image = 'ImagesToUse/NN8.bmp'
283.5337 	EXP 	im_trialFace_mask: size = array([0.43229167, 1.        ])
283.5337 	EXP 	im_trialFace_mask: image = 'ImagesToUse/jumbledmask1.bmp'
283.5337 	EXP 	Im_dot: size = array([0.43229167, 1.        ])
283.5337 	EXP 	Im_dot: image = 'ImagesToUse/DOWNB.bmp'
283.5337 	EXP 	txt_fix: autoDraw = True
284.5325 	EXP 	im_trialFace: autoDraw = True
284.5494 	EXP 	txt_fix: autoDraw = False
284.5494 	EXP 	im_trialFace: autoDraw = False
284.5494 	EXP 	im_trialFace_mask: autoDraw = True
284.6327 	EXP 	Im_dot: autoDraw = True
284.6492 	EXP 	im_trialFace_mask: autoDraw = False
285.6230 	DATA 	Keypress: a
285.6246 	EXP 	txt_fix: autoDraw = False
285.6246 	EXP 	im_trialFace: autoDraw = False
285.6246 	EXP 	im_trialFace_mask: autoDraw = False
285.6246 	EXP 	Im_dot: autoDraw = False
285.6246 	EXP 	str_rest: text = 'Fim dos ensaios de teste.\n\nIrá iniciar de seguida a experiência.\n\n Por favor informe o investigador quando estiver preparado para continuar.\n\n[Investigador: Pressione BARRA de ESPAÇOS para continuar]'
285.6246 	EXP 	str_rest: autoDraw = True
316.3060 	DATA 	Keypress: escape
316.6539 	EXP 	window1: mouseVisible = True
